CRITICAL - 2022-05-16 13:52:06 --> Call to undefined function template_url()
#0 C:\xampp\htdocs\TFG-Shop\system\View\View.php(210): include()
#1 C:\xampp\htdocs\TFG-Shop\system\View\View.php(213): CodeIgniter\View\View->CodeIgniter\View\{closure}()
#2 C:\xampp\htdocs\TFG-Shop\system\Common.php(1089): CodeIgniter\View\View->render('stripe', Array, true)
#3 C:\xampp\htdocs\TFG-Shop\app\Controllers\PayController.php(12): view('stripe')
#4 C:\xampp\htdocs\TFG-Shop\system\CodeIgniter.php(832): App\Controllers\PayController->stripe()
#5 C:\xampp\htdocs\TFG-Shop\system\CodeIgniter.php(419): CodeIgniter\CodeIgniter->runController(Object(App\Controllers\PayController))
#6 C:\xampp\htdocs\TFG-Shop\system\CodeIgniter.php(326): CodeIgniter\CodeIgniter->handleRequest(NULL, Object(Config\Cache), false)
#7 C:\xampp\htdocs\TFG-Shop\index.php(36): CodeIgniter\CodeIgniter->run()
#8 {main}
CRITICAL - 2022-05-16 13:53:22 --> syntax error, unexpected token "return"
#0 C:\xampp\htdocs\TFG-Shop\system\Autoloader\Autoloader.php(241): CodeIgniter\Autoloader\Autoloader->includeFile('C:\\xampp\\htdocs...')
#1 C:\xampp\htdocs\TFG-Shop\system\Autoloader\Autoloader.php(219): CodeIgniter\Autoloader\Autoloader->loadInNamespace('App\\Controllers...')
#2 [internal function]: CodeIgniter\Autoloader\Autoloader->loadClass('App\\Controllers...')
#3 C:\xampp\htdocs\TFG-Shop\system\CodeIgniter.php(797): class_exists('\\App\\Controller...', true)
#4 C:\xampp\htdocs\TFG-Shop\system\CodeIgniter.php(406): CodeIgniter\CodeIgniter->startController()
#5 C:\xampp\htdocs\TFG-Shop\system\CodeIgniter.php(326): CodeIgniter\CodeIgniter->handleRequest(NULL, Object(Config\Cache), false)
#6 C:\xampp\htdocs\TFG-Shop\index.php(36): CodeIgniter\CodeIgniter->run()
#7 {main}
CRITICAL - 2022-05-16 14:07:52 --> require_once(application/libraries/stripe-php/init.php): Failed to open stream: No such file or directory
#0 C:\xampp\htdocs\TFG-Shop\app\Controllers\PayController.php(17): CodeIgniter\Debug\Exceptions->errorHandler(2, 'require_once(ap...', 'C:\\xampp\\htdocs...', 17)
#1 C:\xampp\htdocs\TFG-Shop\app\Controllers\PayController.php(17): require_once()
#2 C:\xampp\htdocs\TFG-Shop\system\CodeIgniter.php(832): App\Controllers\PayController->payment()
#3 C:\xampp\htdocs\TFG-Shop\system\CodeIgniter.php(419): CodeIgniter\CodeIgniter->runController(Object(App\Controllers\PayController))
#4 C:\xampp\htdocs\TFG-Shop\system\CodeIgniter.php(326): CodeIgniter\CodeIgniter->handleRequest(NULL, Object(Config\Cache), false)
#5 C:\xampp\htdocs\TFG-Shop\index.php(36): CodeIgniter\CodeIgniter->run()
#6 {main}
CRITICAL - 2022-05-16 14:14:13 --> Class "App\Controllers\Stripe\Stripe" not found
#0 C:\xampp\htdocs\TFG-Shop\system\CodeIgniter.php(832): App\Controllers\PayController->payment()
#1 C:\xampp\htdocs\TFG-Shop\system\CodeIgniter.php(419): CodeIgniter\CodeIgniter->runController(Object(App\Controllers\PayController))
#2 C:\xampp\htdocs\TFG-Shop\system\CodeIgniter.php(326): CodeIgniter\CodeIgniter->handleRequest(NULL, Object(Config\Cache), false)
#3 C:\xampp\htdocs\TFG-Shop\index.php(36): CodeIgniter\CodeIgniter->run()
#4 {main}
CRITICAL - 2022-05-16 14:16:05 --> Class "App\Controllers\Stripe\Stripe" not found
#0 C:\xampp\htdocs\TFG-Shop\system\CodeIgniter.php(832): App\Controllers\PayController->payment()
#1 C:\xampp\htdocs\TFG-Shop\system\CodeIgniter.php(419): CodeIgniter\CodeIgniter->runController(Object(App\Controllers\PayController))
#2 C:\xampp\htdocs\TFG-Shop\system\CodeIgniter.php(326): CodeIgniter\CodeIgniter->handleRequest(NULL, Object(Config\Cache), false)
#3 C:\xampp\htdocs\TFG-Shop\index.php(36): CodeIgniter\CodeIgniter->run()
#4 {main}
CRITICAL - 2022-05-16 14:17:19 --> Class "App\Controllers\Stripe\Stripe" not found
#0 C:\xampp\htdocs\TFG-Shop\system\CodeIgniter.php(832): App\Controllers\PayController->payment()
#1 C:\xampp\htdocs\TFG-Shop\system\CodeIgniter.php(419): CodeIgniter\CodeIgniter->runController(Object(App\Controllers\PayController))
#2 C:\xampp\htdocs\TFG-Shop\system\CodeIgniter.php(326): CodeIgniter\CodeIgniter->handleRequest(NULL, Object(Config\Cache), false)
#3 C:\xampp\htdocs\TFG-Shop\index.php(36): CodeIgniter\CodeIgniter->run()
#4 {main}
CRITICAL - 2022-05-16 14:17:52 --> Class "App\Controllers\Stripe\Stripe" not found
#0 C:\xampp\htdocs\TFG-Shop\system\CodeIgniter.php(832): App\Controllers\PayController->stripe()
#1 C:\xampp\htdocs\TFG-Shop\system\CodeIgniter.php(419): CodeIgniter\CodeIgniter->runController(Object(App\Controllers\PayController))
#2 C:\xampp\htdocs\TFG-Shop\system\CodeIgniter.php(326): CodeIgniter\CodeIgniter->handleRequest(NULL, Object(Config\Cache), false)
#3 C:\xampp\htdocs\TFG-Shop\index.php(36): CodeIgniter\CodeIgniter->run()
#4 {main}
CRITICAL - 2022-05-16 14:20:22 --> Class "Stripe" not found
#0 C:\xampp\htdocs\TFG-Shop\system\CodeIgniter.php(832): App\Controllers\PayController->stripe()
#1 C:\xampp\htdocs\TFG-Shop\system\CodeIgniter.php(419): CodeIgniter\CodeIgniter->runController(Object(App\Controllers\PayController))
#2 C:\xampp\htdocs\TFG-Shop\system\CodeIgniter.php(326): CodeIgniter\CodeIgniter->handleRequest(NULL, Object(Config\Cache), false)
#3 C:\xampp\htdocs\TFG-Shop\index.php(36): CodeIgniter\CodeIgniter->run()
#4 {main}
CRITICAL - 2022-05-16 14:21:03 --> Class "Stripe" not found
#0 C:\xampp\htdocs\TFG-Shop\system\CodeIgniter.php(832): App\Controllers\PayController->stripe()
#1 C:\xampp\htdocs\TFG-Shop\system\CodeIgniter.php(419): CodeIgniter\CodeIgniter->runController(Object(App\Controllers\PayController))
#2 C:\xampp\htdocs\TFG-Shop\system\CodeIgniter.php(326): CodeIgniter\CodeIgniter->handleRequest(NULL, Object(Config\Cache), false)
#3 C:\xampp\htdocs\TFG-Shop\index.php(36): CodeIgniter\CodeIgniter->run()
#4 {main}
CRITICAL - 2022-05-16 14:22:15 --> Undefined constant "App\Controllers\tok_1L09P1LIP7gnkeacBteJpKSn"
#0 C:\xampp\htdocs\TFG-Shop\system\CodeIgniter.php(832): App\Controllers\PayController->stripe()
#1 C:\xampp\htdocs\TFG-Shop\system\CodeIgniter.php(419): CodeIgniter\CodeIgniter->runController(Object(App\Controllers\PayController))
#2 C:\xampp\htdocs\TFG-Shop\system\CodeIgniter.php(326): CodeIgniter\CodeIgniter->handleRequest(NULL, Object(Config\Cache), false)
#3 C:\xampp\htdocs\TFG-Shop\index.php(36): CodeIgniter\CodeIgniter->run()
#4 {main}
CRITICAL - 2022-05-16 14:22:36 --> Missing required param: amount.
#0 C:\xampp\htdocs\TFG-Shop\vendor\stripe\stripe-php\lib\Exception\InvalidRequestException.php(35): Stripe\Exception\ApiErrorException::factory('Missing require...', 400, '{\n  "error": {\n...', Array, Object(Stripe\Util\CaseInsensitiveArray), 'parameter_missi...')
#1 C:\xampp\htdocs\TFG-Shop\vendor\stripe\stripe-php\lib\ApiRequestor.php(213): Stripe\Exception\InvalidRequestException::factory('Missing require...', 400, '{\n  "error": {\n...', Array, Object(Stripe\Util\CaseInsensitiveArray), 'parameter_missi...', 'amount')
#2 C:\xampp\htdocs\TFG-Shop\vendor\stripe\stripe-php\lib\ApiRequestor.php(175): Stripe\ApiRequestor::_specificAPIError('{\n  "error": {\n...', 400, Object(Stripe\Util\CaseInsensitiveArray), Array, Array)
#3 C:\xampp\htdocs\TFG-Shop\vendor\stripe\stripe-php\lib\ApiRequestor.php(560): Stripe\ApiRequestor->handleErrorResponse('{\n  "error": {\n...', 400, Object(Stripe\Util\CaseInsensitiveArray), Array)
#4 C:\xampp\htdocs\TFG-Shop\vendor\stripe\stripe-php\lib\ApiRequestor.php(124): Stripe\ApiRequestor->_interpretResponse('{\n  "error": {\n...', 400, Object(Stripe\Util\CaseInsensitiveArray))
#5 C:\xampp\htdocs\TFG-Shop\vendor\stripe\stripe-php\lib\ApiOperations\Request.php(78): Stripe\ApiRequestor->request('post', '/v1/charges', Array, Array)
#6 C:\xampp\htdocs\TFG-Shop\vendor\stripe\stripe-php\lib\ApiOperations\Create.php(25): Stripe\ApiResource::_staticRequest('post', '/v1/charges', Array, NULL)
#7 C:\xampp\htdocs\TFG-Shop\app\Controllers\PayController.php(20): Stripe\Charge::create(Array)
#8 C:\xampp\htdocs\TFG-Shop\system\CodeIgniter.php(832): App\Controllers\PayController->stripe()
#9 C:\xampp\htdocs\TFG-Shop\system\CodeIgniter.php(419): CodeIgniter\CodeIgniter->runController(Object(App\Controllers\PayController))
#10 C:\xampp\htdocs\TFG-Shop\system\CodeIgniter.php(326): CodeIgniter\CodeIgniter->handleRequest(NULL, Object(Config\Cache), false)
#11 C:\xampp\htdocs\TFG-Shop\index.php(36): CodeIgniter\CodeIgniter->run()
#12 {main}
CRITICAL - 2022-05-16 14:22:46 --> Class "App\Controllers\Stripe\Stripe" not found
#0 C:\xampp\htdocs\TFG-Shop\system\CodeIgniter.php(832): App\Controllers\PayController->stripe()
#1 C:\xampp\htdocs\TFG-Shop\system\CodeIgniter.php(419): CodeIgniter\CodeIgniter->runController(Object(App\Controllers\PayController))
#2 C:\xampp\htdocs\TFG-Shop\system\CodeIgniter.php(326): CodeIgniter\CodeIgniter->handleRequest(NULL, Object(Config\Cache), false)
#3 C:\xampp\htdocs\TFG-Shop\index.php(36): CodeIgniter\CodeIgniter->run()
#4 {main}
CRITICAL - 2022-05-16 14:22:49 --> Missing required param: amount.
#0 C:\xampp\htdocs\TFG-Shop\vendor\stripe\stripe-php\lib\Exception\InvalidRequestException.php(35): Stripe\Exception\ApiErrorException::factory('Missing require...', 400, '{\n  "error": {\n...', Array, Object(Stripe\Util\CaseInsensitiveArray), 'parameter_missi...')
#1 C:\xampp\htdocs\TFG-Shop\vendor\stripe\stripe-php\lib\ApiRequestor.php(213): Stripe\Exception\InvalidRequestException::factory('Missing require...', 400, '{\n  "error": {\n...', Array, Object(Stripe\Util\CaseInsensitiveArray), 'parameter_missi...', 'amount')
#2 C:\xampp\htdocs\TFG-Shop\vendor\stripe\stripe-php\lib\ApiRequestor.php(175): Stripe\ApiRequestor::_specificAPIError('{\n  "error": {\n...', 400, Object(Stripe\Util\CaseInsensitiveArray), Array, Array)
#3 C:\xampp\htdocs\TFG-Shop\vendor\stripe\stripe-php\lib\ApiRequestor.php(560): Stripe\ApiRequestor->handleErrorResponse('{\n  "error": {\n...', 400, Object(Stripe\Util\CaseInsensitiveArray), Array)
#4 C:\xampp\htdocs\TFG-Shop\vendor\stripe\stripe-php\lib\ApiRequestor.php(124): Stripe\ApiRequestor->_interpretResponse('{\n  "error": {\n...', 400, Object(Stripe\Util\CaseInsensitiveArray))
#5 C:\xampp\htdocs\TFG-Shop\vendor\stripe\stripe-php\lib\ApiOperations\Request.php(78): Stripe\ApiRequestor->request('post', '/v1/charges', Array, Array)
#6 C:\xampp\htdocs\TFG-Shop\vendor\stripe\stripe-php\lib\ApiOperations\Create.php(25): Stripe\ApiResource::_staticRequest('post', '/v1/charges', Array, NULL)
#7 C:\xampp\htdocs\TFG-Shop\app\Controllers\PayController.php(20): Stripe\Charge::create(Array)
#8 C:\xampp\htdocs\TFG-Shop\system\CodeIgniter.php(832): App\Controllers\PayController->stripe()
#9 C:\xampp\htdocs\TFG-Shop\system\CodeIgniter.php(419): CodeIgniter\CodeIgniter->runController(Object(App\Controllers\PayController))
#10 C:\xampp\htdocs\TFG-Shop\system\CodeIgniter.php(326): CodeIgniter\CodeIgniter->handleRequest(NULL, Object(Config\Cache), false)
#11 C:\xampp\htdocs\TFG-Shop\index.php(36): CodeIgniter\CodeIgniter->run()
#12 {main}
CRITICAL - 2022-05-16 14:23:15 --> Undefined constant "App\Controllers\tok_1L09P1LIP7gnkeacBteJpKSn"
#0 C:\xampp\htdocs\TFG-Shop\system\CodeIgniter.php(832): App\Controllers\PayController->payment()
#1 C:\xampp\htdocs\TFG-Shop\system\CodeIgniter.php(419): CodeIgniter\CodeIgniter->runController(Object(App\Controllers\PayController))
#2 C:\xampp\htdocs\TFG-Shop\system\CodeIgniter.php(326): CodeIgniter\CodeIgniter->handleRequest(NULL, Object(Config\Cache), false)
#3 C:\xampp\htdocs\TFG-Shop\index.php(36): CodeIgniter\CodeIgniter->run()
#4 {main}
CRITICAL - 2022-05-16 15:47:29 --> Class "App\Models\Order" not found
#0 C:\xampp\htdocs\TFG-Shop\system\CodeIgniter.php(832): App\Controllers\CestController->addOrder()
#1 C:\xampp\htdocs\TFG-Shop\system\CodeIgniter.php(419): CodeIgniter\CodeIgniter->runController(Object(App\Controllers\CestController))
#2 C:\xampp\htdocs\TFG-Shop\system\CodeIgniter.php(326): CodeIgniter\CodeIgniter->handleRequest(NULL, Object(Config\Cache), false)
#3 C:\xampp\htdocs\TFG-Shop\index.php(36): CodeIgniter\CodeIgniter->run()
#4 {main}
CRITICAL - 2022-05-16 15:47:52 --> Class "App\Models\Order" not found
#0 C:\xampp\htdocs\TFG-Shop\system\CodeIgniter.php(832): App\Controllers\CestController->addOrder()
#1 C:\xampp\htdocs\TFG-Shop\system\CodeIgniter.php(419): CodeIgniter\CodeIgniter->runController(Object(App\Controllers\CestController))
#2 C:\xampp\htdocs\TFG-Shop\system\CodeIgniter.php(326): CodeIgniter\CodeIgniter->handleRequest(NULL, Object(Config\Cache), false)
#3 C:\xampp\htdocs\TFG-Shop\index.php(36): CodeIgniter\CodeIgniter->run()
#4 {main}
CRITICAL - 2022-05-16 15:48:05 --> Class "App\Models\Order" not found
#0 C:\xampp\htdocs\TFG-Shop\system\CodeIgniter.php(832): App\Controllers\CestController->addOrder()
#1 C:\xampp\htdocs\TFG-Shop\system\CodeIgniter.php(419): CodeIgniter\CodeIgniter->runController(Object(App\Controllers\CestController))
#2 C:\xampp\htdocs\TFG-Shop\system\CodeIgniter.php(326): CodeIgniter\CodeIgniter->handleRequest(NULL, Object(Config\Cache), false)
#3 C:\xampp\htdocs\TFG-Shop\index.php(36): CodeIgniter\CodeIgniter->run()
#4 {main}
CRITICAL - 2022-05-16 15:48:20 --> Class "App\Models\Order" not found
#0 C:\xampp\htdocs\TFG-Shop\system\CodeIgniter.php(832): App\Controllers\CestController->addOrder()
#1 C:\xampp\htdocs\TFG-Shop\system\CodeIgniter.php(419): CodeIgniter\CodeIgniter->runController(Object(App\Controllers\CestController))
#2 C:\xampp\htdocs\TFG-Shop\system\CodeIgniter.php(326): CodeIgniter\CodeIgniter->handleRequest(NULL, Object(Config\Cache), false)
#3 C:\xampp\htdocs\TFG-Shop\index.php(36): CodeIgniter\CodeIgniter->run()
#4 {main}
CRITICAL - 2022-05-16 15:49:23 --> Undefined variable $entity
#0 C:\xampp\htdocs\TFG-Shop\app\Controllers\CestController.php(144): CodeIgniter\Debug\Exceptions->errorHandler(2, 'Undefined varia...', 'C:\\xampp\\htdocs...', 144)
#1 C:\xampp\htdocs\TFG-Shop\system\CodeIgniter.php(832): App\Controllers\CestController->addOrder()
#2 C:\xampp\htdocs\TFG-Shop\system\CodeIgniter.php(419): CodeIgniter\CodeIgniter->runController(Object(App\Controllers\CestController))
#3 C:\xampp\htdocs\TFG-Shop\system\CodeIgniter.php(326): CodeIgniter\CodeIgniter->handleRequest(NULL, Object(Config\Cache), false)
#4 C:\xampp\htdocs\TFG-Shop\index.php(36): CodeIgniter\CodeIgniter->run()
#5 {main}
CRITICAL - 2022-05-16 15:50:02 --> Undefined variable $entity
#0 C:\xampp\htdocs\TFG-Shop\app\Controllers\CestController.php(144): CodeIgniter\Debug\Exceptions->errorHandler(2, 'Undefined varia...', 'C:\\xampp\\htdocs...', 144)
#1 C:\xampp\htdocs\TFG-Shop\system\CodeIgniter.php(832): App\Controllers\CestController->addOrder()
#2 C:\xampp\htdocs\TFG-Shop\system\CodeIgniter.php(419): CodeIgniter\CodeIgniter->runController(Object(App\Controllers\CestController))
#3 C:\xampp\htdocs\TFG-Shop\system\CodeIgniter.php(326): CodeIgniter\CodeIgniter->handleRequest(NULL, Object(Config\Cache), false)
#4 C:\xampp\htdocs\TFG-Shop\index.php(36): CodeIgniter\CodeIgniter->run()
#5 {main}
CRITICAL - 2022-05-16 15:50:25 --> Undefined variable $entity
#0 C:\xampp\htdocs\TFG-Shop\app\Controllers\CestController.php(144): CodeIgniter\Debug\Exceptions->errorHandler(2, 'Undefined varia...', 'C:\\xampp\\htdocs...', 144)
#1 C:\xampp\htdocs\TFG-Shop\system\CodeIgniter.php(832): App\Controllers\CestController->addOrder()
#2 C:\xampp\htdocs\TFG-Shop\system\CodeIgniter.php(419): CodeIgniter\CodeIgniter->runController(Object(App\Controllers\CestController))
#3 C:\xampp\htdocs\TFG-Shop\system\CodeIgniter.php(326): CodeIgniter\CodeIgniter->handleRequest(NULL, Object(Config\Cache), false)
#4 C:\xampp\htdocs\TFG-Shop\index.php(36): CodeIgniter\CodeIgniter->run()
#5 {main}
CRITICAL - 2022-05-16 15:51:10 --> Undefined constant "App\Controllers\locate_id"
#0 C:\xampp\htdocs\TFG-Shop\system\CodeIgniter.php(832): App\Controllers\CestController->addOrder()
#1 C:\xampp\htdocs\TFG-Shop\system\CodeIgniter.php(419): CodeIgniter\CodeIgniter->runController(Object(App\Controllers\CestController))
#2 C:\xampp\htdocs\TFG-Shop\system\CodeIgniter.php(326): CodeIgniter\CodeIgniter->handleRequest(NULL, Object(Config\Cache), false)
#3 C:\xampp\htdocs\TFG-Shop\index.php(36): CodeIgniter\CodeIgniter->run()
#4 {main}
ERROR - 2022-05-16 15:56:48 --> Cannot add or update a child row: a foreign key constraint fails (`shop`.`orders_products`, CONSTRAINT `orders_products_ibfk_3` FOREIGN KEY (`id_order`) REFERENCES `orders` (`id`) ON DELETE CASCADE ON UPDATE CASCADE)
CRITICAL - 2022-05-16 15:56:48 --> Cannot add or update a child row: a foreign key constraint fails (`shop`.`orders_products`, CONSTRAINT `orders_products_ibfk_3` FOREIGN KEY (`id_order`) REFERENCES `orders` (`id`) ON DELETE CASCADE ON UPDATE CASCADE)
#0 C:\xampp\htdocs\TFG-Shop\system\Database\MySQLi\Connection.php(292): mysqli->query('INSERT INTO `or...', 0)
#1 C:\xampp\htdocs\TFG-Shop\system\Database\BaseConnection.php(670): CodeIgniter\Database\MySQLi\Connection->execute('INSERT INTO `or...')
#2 C:\xampp\htdocs\TFG-Shop\system\Database\BaseConnection.php(598): CodeIgniter\Database\BaseConnection->simpleQuery('INSERT INTO `or...')
#3 C:\xampp\htdocs\TFG-Shop\system\Database\BaseBuilder.php(1771): CodeIgniter\Database\BaseConnection->query('INSERT INTO `or...', Array, false)
#4 C:\xampp\htdocs\TFG-Shop\system\Model.php(239): CodeIgniter\Database\BaseBuilder->insert()
#5 C:\xampp\htdocs\TFG-Shop\system\BaseModel.php(738): CodeIgniter\Model->doInsert(Array)
#6 C:\xampp\htdocs\TFG-Shop\system\Model.php(625): CodeIgniter\BaseModel->insert(Array, true)
#7 C:\xampp\htdocs\TFG-Shop\app\Controllers\CestController.php(162): CodeIgniter\Model->insert(Array)
#8 C:\xampp\htdocs\TFG-Shop\system\CodeIgniter.php(832): App\Controllers\CestController->addOrder()
#9 C:\xampp\htdocs\TFG-Shop\system\CodeIgniter.php(419): CodeIgniter\CodeIgniter->runController(Object(App\Controllers\CestController))
#10 C:\xampp\htdocs\TFG-Shop\system\CodeIgniter.php(326): CodeIgniter\CodeIgniter->handleRequest(NULL, Object(Config\Cache), false)
#11 C:\xampp\htdocs\TFG-Shop\index.php(36): CodeIgniter\CodeIgniter->run()
#12 {main}
CRITICAL - 2022-05-16 15:57:52 --> Undefined variable $orderProducts
#0 C:\xampp\htdocs\TFG-Shop\app\Controllers\CestController.php(20): CodeIgniter\Debug\Exceptions->errorHandler(2, 'Undefined varia...', 'C:\\xampp\\htdocs...', 20)
#1 C:\xampp\htdocs\TFG-Shop\system\CodeIgniter.php(832): App\Controllers\CestController->index()
#2 C:\xampp\htdocs\TFG-Shop\system\CodeIgniter.php(419): CodeIgniter\CodeIgniter->runController(Object(App\Controllers\CestController))
#3 C:\xampp\htdocs\TFG-Shop\system\CodeIgniter.php(326): CodeIgniter\CodeIgniter->handleRequest(NULL, Object(Config\Cache), false)
#4 C:\xampp\htdocs\TFG-Shop\index.php(36): CodeIgniter\CodeIgniter->run()
#5 {main}
ERROR - 2022-05-16 15:58:04 --> Cannot add or update a child row: a foreign key constraint fails (`shop`.`orders_products`, CONSTRAINT `orders_products_ibfk_3` FOREIGN KEY (`id_order`) REFERENCES `orders` (`id`) ON DELETE CASCADE ON UPDATE CASCADE)
CRITICAL - 2022-05-16 15:58:04 --> Cannot add or update a child row: a foreign key constraint fails (`shop`.`orders_products`, CONSTRAINT `orders_products_ibfk_3` FOREIGN KEY (`id_order`) REFERENCES `orders` (`id`) ON DELETE CASCADE ON UPDATE CASCADE)
#0 C:\xampp\htdocs\TFG-Shop\system\Database\MySQLi\Connection.php(292): mysqli->query('INSERT INTO `or...', 0)
#1 C:\xampp\htdocs\TFG-Shop\system\Database\BaseConnection.php(670): CodeIgniter\Database\MySQLi\Connection->execute('INSERT INTO `or...')
#2 C:\xampp\htdocs\TFG-Shop\system\Database\BaseConnection.php(598): CodeIgniter\Database\BaseConnection->simpleQuery('INSERT INTO `or...')
#3 C:\xampp\htdocs\TFG-Shop\system\Database\BaseBuilder.php(1771): CodeIgniter\Database\BaseConnection->query('INSERT INTO `or...', Array, false)
#4 C:\xampp\htdocs\TFG-Shop\system\Model.php(239): CodeIgniter\Database\BaseBuilder->insert()
#5 C:\xampp\htdocs\TFG-Shop\system\BaseModel.php(738): CodeIgniter\Model->doInsert(Array)
#6 C:\xampp\htdocs\TFG-Shop\system\Model.php(625): CodeIgniter\BaseModel->insert(Array, true)
#7 C:\xampp\htdocs\TFG-Shop\app\Controllers\CestController.php(21): CodeIgniter\Model->insert(Array)
#8 C:\xampp\htdocs\TFG-Shop\system\CodeIgniter.php(832): App\Controllers\CestController->index()
#9 C:\xampp\htdocs\TFG-Shop\system\CodeIgniter.php(419): CodeIgniter\CodeIgniter->runController(Object(App\Controllers\CestController))
#10 C:\xampp\htdocs\TFG-Shop\system\CodeIgniter.php(326): CodeIgniter\CodeIgniter->handleRequest(NULL, Object(Config\Cache), false)
#11 C:\xampp\htdocs\TFG-Shop\index.php(36): CodeIgniter\CodeIgniter->run()
#12 {main}
CRITICAL - 2022-05-16 16:03:00 --> syntax error, unexpected token ","
#0 C:\xampp\htdocs\TFG-Shop\system\Autoloader\Autoloader.php(241): CodeIgniter\Autoloader\Autoloader->includeFile('C:\\xampp\\htdocs...')
#1 C:\xampp\htdocs\TFG-Shop\system\Autoloader\Autoloader.php(219): CodeIgniter\Autoloader\Autoloader->loadInNamespace('App\\Controllers...')
#2 [internal function]: CodeIgniter\Autoloader\Autoloader->loadClass('App\\Controllers...')
#3 C:\xampp\htdocs\TFG-Shop\system\CodeIgniter.php(797): class_exists('\\App\\Controller...', true)
#4 C:\xampp\htdocs\TFG-Shop\system\CodeIgniter.php(406): CodeIgniter\CodeIgniter->startController()
#5 C:\xampp\htdocs\TFG-Shop\system\CodeIgniter.php(326): CodeIgniter\CodeIgniter->handleRequest(NULL, Object(Config\Cache), false)
#6 C:\xampp\htdocs\TFG-Shop\index.php(36): CodeIgniter\CodeIgniter->run()
#7 {main}
CRITICAL - 2022-05-16 16:15:19 --> Class "App\Controllers\Stripe_Token" not found
#0 C:\xampp\htdocs\TFG-Shop\system\CodeIgniter.php(832): App\Controllers\PayController->payment()
#1 C:\xampp\htdocs\TFG-Shop\system\CodeIgniter.php(419): CodeIgniter\CodeIgniter->runController(Object(App\Controllers\PayController))
#2 C:\xampp\htdocs\TFG-Shop\system\CodeIgniter.php(326): CodeIgniter\CodeIgniter->handleRequest(NULL, Object(Config\Cache), false)
#3 C:\xampp\htdocs\TFG-Shop\index.php(36): CodeIgniter\CodeIgniter->run()
#4 {main}
CRITICAL - 2022-05-16 16:16:19 --> Call to undefined method Stripe\Stripe::retrieve()
#0 C:\xampp\htdocs\TFG-Shop\system\CodeIgniter.php(832): App\Controllers\PayController->payment()
#1 C:\xampp\htdocs\TFG-Shop\system\CodeIgniter.php(419): CodeIgniter\CodeIgniter->runController(Object(App\Controllers\PayController))
#2 C:\xampp\htdocs\TFG-Shop\system\CodeIgniter.php(326): CodeIgniter\CodeIgniter->handleRequest(NULL, Object(Config\Cache), false)
#3 C:\xampp\htdocs\TFG-Shop\index.php(36): CodeIgniter\CodeIgniter->run()
#4 {main}
CRITICAL - 2022-05-16 16:16:41 --> Call to undefined method Stripe\Stripe::retrieve()
#0 C:\xampp\htdocs\TFG-Shop\system\CodeIgniter.php(832): App\Controllers\PayController->stripe()
#1 C:\xampp\htdocs\TFG-Shop\system\CodeIgniter.php(419): CodeIgniter\CodeIgniter->runController(Object(App\Controllers\PayController))
#2 C:\xampp\htdocs\TFG-Shop\system\CodeIgniter.php(326): CodeIgniter\CodeIgniter->handleRequest(NULL, Object(Config\Cache), false)
#3 C:\xampp\htdocs\TFG-Shop\index.php(36): CodeIgniter\CodeIgniter->run()
#4 {main}
CRITICAL - 2022-05-16 16:17:41 --> Call to undefined method Stripe\Stripe::retrieve()
#0 C:\xampp\htdocs\TFG-Shop\system\CodeIgniter.php(832): App\Controllers\PayController->stripe()
#1 C:\xampp\htdocs\TFG-Shop\system\CodeIgniter.php(419): CodeIgniter\CodeIgniter->runController(Object(App\Controllers\PayController))
#2 C:\xampp\htdocs\TFG-Shop\system\CodeIgniter.php(326): CodeIgniter\CodeIgniter->handleRequest(NULL, Object(Config\Cache), false)
#3 C:\xampp\htdocs\TFG-Shop\index.php(36): CodeIgniter\CodeIgniter->run()
#4 {main}
CRITICAL - 2022-05-16 16:18:34 --> No API key provided.  (HINT: set your API key using "Stripe::setApiKey(<API-KEY>)".  You can generate API keys from the Stripe web interface.  See https://stripe.com/api for details, or email support@stripe.com if you have any questions.
#0 C:\xampp\htdocs\TFG-Shop\vendor\stripe\stripe-php\lib\ApiRequestor.php(448): Stripe\ApiRequestor->_prepareRequest('get', '/v1/tokens/tok_...', Array, Array)
#1 C:\xampp\htdocs\TFG-Shop\vendor\stripe\stripe-php\lib\ApiRequestor.php(123): Stripe\ApiRequestor->_requestRaw('get', '/v1/tokens/tok_...', Array, Array)
#2 C:\xampp\htdocs\TFG-Shop\vendor\stripe\stripe-php\lib\ApiResource.php(62): Stripe\ApiRequestor->request('get', '/v1/tokens/tok_...', Array, Array)
#3 C:\xampp\htdocs\TFG-Shop\vendor\stripe\stripe-php\lib\ApiOperations\Retrieve.php(26): Stripe\ApiResource->refresh()
#4 C:\xampp\htdocs\TFG-Shop\app\Controllers\PayController.php(13): Stripe\Token::retrieve('tok_1L0BGBLIP7g...')
#5 C:\xampp\htdocs\TFG-Shop\system\CodeIgniter.php(832): App\Controllers\PayController->stripe()
#6 C:\xampp\htdocs\TFG-Shop\system\CodeIgniter.php(419): CodeIgniter\CodeIgniter->runController(Object(App\Controllers\PayController))
#7 C:\xampp\htdocs\TFG-Shop\system\CodeIgniter.php(326): CodeIgniter\CodeIgniter->handleRequest(NULL, Object(Config\Cache), false)
#8 C:\xampp\htdocs\TFG-Shop\index.php(36): CodeIgniter\CodeIgniter->run()
#9 {main}
CRITICAL - 2022-05-16 16:31:18 --> syntax error, unexpected token "echo"
#0 C:\xampp\htdocs\TFG-Shop\system\Autoloader\Autoloader.php(241): CodeIgniter\Autoloader\Autoloader->includeFile('C:\\xampp\\htdocs...')
#1 C:\xampp\htdocs\TFG-Shop\system\Autoloader\Autoloader.php(219): CodeIgniter\Autoloader\Autoloader->loadInNamespace('App\\Controllers...')
#2 [internal function]: CodeIgniter\Autoloader\Autoloader->loadClass('App\\Controllers...')
#3 C:\xampp\htdocs\TFG-Shop\system\CodeIgniter.php(797): class_exists('\\App\\Controller...', true)
#4 C:\xampp\htdocs\TFG-Shop\system\CodeIgniter.php(406): CodeIgniter\CodeIgniter->startController()
#5 C:\xampp\htdocs\TFG-Shop\system\CodeIgniter.php(326): CodeIgniter\CodeIgniter->handleRequest(NULL, Object(Config\Cache), false)
#6 C:\xampp\htdocs\TFG-Shop\index.php(36): CodeIgniter\CodeIgniter->run()
#7 {main}
CRITICAL - 2022-05-16 16:31:49 --> Class "App\Controllers\Models\OrderModel" not found
#0 C:\xampp\htdocs\TFG-Shop\system\CodeIgniter.php(832): App\Controllers\PayController->stripe()
#1 C:\xampp\htdocs\TFG-Shop\system\CodeIgniter.php(419): CodeIgniter\CodeIgniter->runController(Object(App\Controllers\PayController))
#2 C:\xampp\htdocs\TFG-Shop\system\CodeIgniter.php(326): CodeIgniter\CodeIgniter->handleRequest(NULL, Object(Config\Cache), false)
#3 C:\xampp\htdocs\TFG-Shop\index.php(36): CodeIgniter\CodeIgniter->run()
#4 {main}
CRITICAL - 2022-05-16 16:31:59 --> Could not determine which URL to request: Stripe\Token instance has invalid ID: 
#0 C:\xampp\htdocs\TFG-Shop\vendor\stripe\stripe-php\lib\ApiResource.php(120): Stripe\ApiResource::resourceUrl(NULL)
#1 C:\xampp\htdocs\TFG-Shop\vendor\stripe\stripe-php\lib\ApiResource.php(56): Stripe\ApiResource->instanceUrl()
#2 C:\xampp\htdocs\TFG-Shop\vendor\stripe\stripe-php\lib\ApiOperations\Retrieve.php(26): Stripe\ApiResource->refresh()
#3 C:\xampp\htdocs\TFG-Shop\app\Controllers\PayController.php(20): Stripe\Token::retrieve(NULL)
#4 C:\xampp\htdocs\TFG-Shop\system\CodeIgniter.php(832): App\Controllers\PayController->stripe()
#5 C:\xampp\htdocs\TFG-Shop\system\CodeIgniter.php(419): CodeIgniter\CodeIgniter->runController(Object(App\Controllers\PayController))
#6 C:\xampp\htdocs\TFG-Shop\system\CodeIgniter.php(326): CodeIgniter\CodeIgniter->handleRequest(NULL, Object(Config\Cache), false)
#7 C:\xampp\htdocs\TFG-Shop\index.php(36): CodeIgniter\CodeIgniter->run()
#8 {main}
CRITICAL - 2022-05-16 16:45:04 --> Cannot use object of type App\Entities\Order as array
#0 C:\xampp\htdocs\TFG-Shop\app\Controllers\PayController.php(21): App\Controllers\PayController->addOrder()
#1 C:\xampp\htdocs\TFG-Shop\system\CodeIgniter.php(832): App\Controllers\PayController->payment()
#2 C:\xampp\htdocs\TFG-Shop\system\CodeIgniter.php(419): CodeIgniter\CodeIgniter->runController(Object(App\Controllers\PayController))
#3 C:\xampp\htdocs\TFG-Shop\system\CodeIgniter.php(326): CodeIgniter\CodeIgniter->handleRequest(NULL, Object(Config\Cache), false)
#4 C:\xampp\htdocs\TFG-Shop\index.php(36): CodeIgniter\CodeIgniter->run()
#5 {main}
CRITICAL - 2022-05-16 16:45:55 --> Cannot use object of type App\Entities\Order as array
#0 C:\xampp\htdocs\TFG-Shop\system\CodeIgniter.php(832): App\Controllers\PayController->stripe()
#1 C:\xampp\htdocs\TFG-Shop\system\CodeIgniter.php(419): CodeIgniter\CodeIgniter->runController(Object(App\Controllers\PayController))
#2 C:\xampp\htdocs\TFG-Shop\system\CodeIgniter.php(326): CodeIgniter\CodeIgniter->handleRequest(NULL, Object(Config\Cache), false)
#3 C:\xampp\htdocs\TFG-Shop\index.php(36): CodeIgniter\CodeIgniter->run()
#4 {main}
CRITICAL - 2022-05-16 16:46:46 --> Undefined variable $idEmail
#0 C:\xampp\htdocs\TFG-Shop\app\Controllers\PayController.php(32): CodeIgniter\Debug\Exceptions->errorHandler(2, 'Undefined varia...', 'C:\\xampp\\htdocs...', 32)
#1 C:\xampp\htdocs\TFG-Shop\system\CodeIgniter.php(832): App\Controllers\PayController->stripe()
#2 C:\xampp\htdocs\TFG-Shop\system\CodeIgniter.php(419): CodeIgniter\CodeIgniter->runController(Object(App\Controllers\PayController))
#3 C:\xampp\htdocs\TFG-Shop\system\CodeIgniter.php(326): CodeIgniter\CodeIgniter->handleRequest(NULL, Object(Config\Cache), false)
#4 C:\xampp\htdocs\TFG-Shop\index.php(36): CodeIgniter\CodeIgniter->run()
#5 {main}
CRITICAL - 2022-05-16 16:47:22 --> Cannot use object of type App\Entities\Order as array
#0 C:\xampp\htdocs\TFG-Shop\system\CodeIgniter.php(832): App\Controllers\PayController->stripe()
#1 C:\xampp\htdocs\TFG-Shop\system\CodeIgniter.php(419): CodeIgniter\CodeIgniter->runController(Object(App\Controllers\PayController))
#2 C:\xampp\htdocs\TFG-Shop\system\CodeIgniter.php(326): CodeIgniter\CodeIgniter->handleRequest(NULL, Object(Config\Cache), false)
#3 C:\xampp\htdocs\TFG-Shop\index.php(36): CodeIgniter\CodeIgniter->run()
#4 {main}
CRITICAL - 2022-05-16 16:47:30 --> Object of class App\Entities\Order could not be converted to string
#0 C:\xampp\htdocs\TFG-Shop\system\Database\Query.php(318): strtr('INSERT INTO `or...', Array)
#1 C:\xampp\htdocs\TFG-Shop\system\Database\Query.php(293): CodeIgniter\Database\Query->matchNamedBinds('INSERT INTO `or...', Array)
#2 C:\xampp\htdocs\TFG-Shop\system\Database\Query.php(150): CodeIgniter\Database\Query->compileBinds()
#3 C:\xampp\htdocs\TFG-Shop\system\Database\BaseConnection.php(598): CodeIgniter\Database\Query->getQuery()
#4 C:\xampp\htdocs\TFG-Shop\system\Database\BaseBuilder.php(1771): CodeIgniter\Database\BaseConnection->query('INSERT INTO `or...', Array, false)
#5 C:\xampp\htdocs\TFG-Shop\system\Model.php(239): CodeIgniter\Database\BaseBuilder->insert()
#6 C:\xampp\htdocs\TFG-Shop\system\BaseModel.php(738): CodeIgniter\Model->doInsert(Array)
#7 C:\xampp\htdocs\TFG-Shop\system\Model.php(625): CodeIgniter\BaseModel->insert(Array, true)
#8 C:\xampp\htdocs\TFG-Shop\app\Controllers\PayController.php(41): CodeIgniter\Model->insert(Array)
#9 C:\xampp\htdocs\TFG-Shop\system\CodeIgniter.php(832): App\Controllers\PayController->stripe()
#10 C:\xampp\htdocs\TFG-Shop\system\CodeIgniter.php(419): CodeIgniter\CodeIgniter->runController(Object(App\Controllers\PayController))
#11 C:\xampp\htdocs\TFG-Shop\system\CodeIgniter.php(326): CodeIgniter\CodeIgniter->handleRequest(NULL, Object(Config\Cache), false)
#12 C:\xampp\htdocs\TFG-Shop\index.php(36): CodeIgniter\CodeIgniter->run()
#13 {main}
