ERROR - 2022-04-21 13:45:29 --> Column 'main_img' cannot be null
CRITICAL - 2022-04-21 13:45:29 --> Column 'main_img' cannot be null
#0 C:\xampp\htdocs\TFG-Shop\system\Database\MySQLi\Connection.php(292): mysqli->query('INSERT INTO `pr...', 0)
#1 C:\xampp\htdocs\TFG-Shop\system\Database\BaseConnection.php(670): CodeIgniter\Database\MySQLi\Connection->execute('INSERT INTO `pr...')
#2 C:\xampp\htdocs\TFG-Shop\system\Database\BaseConnection.php(598): CodeIgniter\Database\BaseConnection->simpleQuery('INSERT INTO `pr...')
#3 C:\xampp\htdocs\TFG-Shop\system\Database\BaseBuilder.php(1771): CodeIgniter\Database\BaseConnection->query('INSERT INTO `pr...', Array, false)
#4 C:\xampp\htdocs\TFG-Shop\system\Model.php(239): CodeIgniter\Database\BaseBuilder->insert()
#5 C:\xampp\htdocs\TFG-Shop\system\BaseModel.php(738): CodeIgniter\Model->doInsert(Array)
#6 C:\xampp\htdocs\TFG-Shop\system\Model.php(625): CodeIgniter\BaseModel->insert(Array, true)
#7 C:\xampp\htdocs\TFG-Shop\app\Entities\Product.php(24): CodeIgniter\Model->insert(Object(App\Entities\Product))
#8 C:\xampp\htdocs\TFG-Shop\app\Controllers\Admins\AdminController.php(51): App\Entities\Product->insertData(Array)
#9 C:\xampp\htdocs\TFG-Shop\system\CodeIgniter.php(832): App\Controllers\Admins\AdminController->insertElement(Object(App\Entities\Product))
#10 C:\xampp\htdocs\TFG-Shop\system\CodeIgniter.php(419): CodeIgniter\CodeIgniter->runController(Object(App\Controllers\Admins\AdminController))
#11 C:\xampp\htdocs\TFG-Shop\system\CodeIgniter.php(326): CodeIgniter\CodeIgniter->handleRequest(NULL, Object(Config\Cache), false)
#12 C:\xampp\htdocs\TFG-Shop\index.php(36): CodeIgniter\CodeIgniter->run()
#13 {main}
CRITICAL - 2022-04-21 13:56:40 --> Too few arguments to function CodeIgniter\HTTP\IncomingRequest::getFile(), 0 passed in C:\xampp\htdocs\TFG-Shop\app\Controllers\Admins\AdminController.php on line 39 and exactly 1 expected
#0 C:\xampp\htdocs\TFG-Shop\app\Controllers\Admins\AdminController.php(39): CodeIgniter\HTTP\IncomingRequest->getFile()
#1 C:\xampp\htdocs\TFG-Shop\system\CodeIgniter.php(832): App\Controllers\Admins\AdminController->insertElement('product')
#2 C:\xampp\htdocs\TFG-Shop\system\CodeIgniter.php(419): CodeIgniter\CodeIgniter->runController(Object(App\Controllers\Admins\AdminController))
#3 C:\xampp\htdocs\TFG-Shop\system\CodeIgniter.php(326): CodeIgniter\CodeIgniter->handleRequest(NULL, Object(Config\Cache), false)
#4 C:\xampp\htdocs\TFG-Shop\index.php(36): CodeIgniter\CodeIgniter->run()
#5 {main}
CRITICAL - 2022-04-21 13:57:18 --> Too few arguments to function CodeIgniter\HTTP\IncomingRequest::getFile(), 0 passed in C:\xampp\htdocs\TFG-Shop\app\Controllers\Admins\AdminController.php on line 39 and exactly 1 expected
#0 C:\xampp\htdocs\TFG-Shop\app\Controllers\Admins\AdminController.php(39): CodeIgniter\HTTP\IncomingRequest->getFile()
#1 C:\xampp\htdocs\TFG-Shop\system\CodeIgniter.php(832): App\Controllers\Admins\AdminController->insertElement('product')
#2 C:\xampp\htdocs\TFG-Shop\system\CodeIgniter.php(419): CodeIgniter\CodeIgniter->runController(Object(App\Controllers\Admins\AdminController))
#3 C:\xampp\htdocs\TFG-Shop\system\CodeIgniter.php(326): CodeIgniter\CodeIgniter->handleRequest(NULL, Object(Config\Cache), false)
#4 C:\xampp\htdocs\TFG-Shop\index.php(36): CodeIgniter\CodeIgniter->run()
#5 {main}
CRITICAL - 2022-04-21 14:13:55 --> fopen(http://localhost/TFG-Shop/template/img/img_products/index.html): Failed to open stream: HTTP wrapper does not support writeable connections
#0 [internal function]: CodeIgniter\Debug\Exceptions->errorHandler(2, 'fopen(http://lo...', 'C:\\xampp\\htdocs...', 179)
#1 C:\xampp\htdocs\TFG-Shop\system\HTTP\Files\UploadedFile.php(179): fopen('http://localhos...', 'x+b')
#2 C:\xampp\htdocs\TFG-Shop\system\HTTP\Files\UploadedFile.php(130): CodeIgniter\HTTP\Files\UploadedFile->setPath('http://localhos...')
#3 C:\xampp\htdocs\TFG-Shop\app\Controllers\Admins\AdminController.php(45): CodeIgniter\HTTP\Files\UploadedFile->move('http://localhos...', '1650568435_8266...')
#4 C:\xampp\htdocs\TFG-Shop\system\CodeIgniter.php(832): App\Controllers\Admins\AdminController->insertElement('product')
#5 C:\xampp\htdocs\TFG-Shop\system\CodeIgniter.php(419): CodeIgniter\CodeIgniter->runController(Object(App\Controllers\Admins\AdminController))
#6 C:\xampp\htdocs\TFG-Shop\system\CodeIgniter.php(326): CodeIgniter\CodeIgniter->handleRequest(NULL, Object(Config\Cache), false)
#7 C:\xampp\htdocs\TFG-Shop\index.php(36): CodeIgniter\CodeIgniter->run()
#8 {main}
CRITICAL - 2022-04-21 14:17:00 --> fopen(http://localhost/TFG-Shop/template/img/img_products/index.html): Failed to open stream: HTTP wrapper does not support writeable connections
#0 [internal function]: CodeIgniter\Debug\Exceptions->errorHandler(2, 'fopen(http://lo...', 'C:\\xampp\\htdocs...', 179)
#1 C:\xampp\htdocs\TFG-Shop\system\HTTP\Files\UploadedFile.php(179): fopen('http://localhos...', 'x+b')
#2 C:\xampp\htdocs\TFG-Shop\system\HTTP\Files\UploadedFile.php(130): CodeIgniter\HTTP\Files\UploadedFile->setPath('http://localhos...')
#3 C:\xampp\htdocs\TFG-Shop\app\Controllers\Admins\AdminController.php(47): CodeIgniter\HTTP\Files\UploadedFile->move('http://localhos...', '1650568620_2ccf...')
#4 C:\xampp\htdocs\TFG-Shop\system\CodeIgniter.php(832): App\Controllers\Admins\AdminController->insertElement('product')
#5 C:\xampp\htdocs\TFG-Shop\system\CodeIgniter.php(419): CodeIgniter\CodeIgniter->runController(Object(App\Controllers\Admins\AdminController))
#6 C:\xampp\htdocs\TFG-Shop\system\CodeIgniter.php(326): CodeIgniter\CodeIgniter->handleRequest(NULL, Object(Config\Cache), false)
#7 C:\xampp\htdocs\TFG-Shop\index.php(36): CodeIgniter\CodeIgniter->run()
#8 {main}
CRITICAL - 2022-04-21 14:17:24 --> syntax error, unexpected single-quoted string ", $newName);", expecting "," or ";"
#0 C:\xampp\htdocs\TFG-Shop\system\Autoloader\Autoloader.php(241): CodeIgniter\Autoloader\Autoloader->includeFile('C:\\xampp\\htdocs...')
#1 C:\xampp\htdocs\TFG-Shop\system\Autoloader\Autoloader.php(219): CodeIgniter\Autoloader\Autoloader->loadInNamespace('App\\Controllers...')
#2 [internal function]: CodeIgniter\Autoloader\Autoloader->loadClass('App\\Controllers...')
#3 C:\xampp\htdocs\TFG-Shop\system\CodeIgniter.php(797): class_exists('\\App\\Controller...', true)
#4 C:\xampp\htdocs\TFG-Shop\system\CodeIgniter.php(406): CodeIgniter\CodeIgniter->startController()
#5 C:\xampp\htdocs\TFG-Shop\system\CodeIgniter.php(326): CodeIgniter\CodeIgniter->handleRequest(NULL, Object(Config\Cache), false)
#6 C:\xampp\htdocs\TFG-Shop\index.php(36): CodeIgniter\CodeIgniter->run()
#7 {main}
CRITICAL - 2022-04-21 14:17:41 --> fopen(http://localhost/TFG-Shop/template/img/img_products/index.html): Failed to open stream: HTTP wrapper does not support writeable connections
#0 [internal function]: CodeIgniter\Debug\Exceptions->errorHandler(2, 'fopen(http://lo...', 'C:\\xampp\\htdocs...', 179)
#1 C:\xampp\htdocs\TFG-Shop\system\HTTP\Files\UploadedFile.php(179): fopen('http://localhos...', 'x+b')
#2 C:\xampp\htdocs\TFG-Shop\system\HTTP\Files\UploadedFile.php(130): CodeIgniter\HTTP\Files\UploadedFile->setPath('http://localhos...')
#3 C:\xampp\htdocs\TFG-Shop\app\Controllers\Admins\AdminController.php(48): CodeIgniter\HTTP\Files\UploadedFile->move('http://localhos...', '1650568661_a999...')
#4 C:\xampp\htdocs\TFG-Shop\system\CodeIgniter.php(832): App\Controllers\Admins\AdminController->insertElement('product')
#5 C:\xampp\htdocs\TFG-Shop\system\CodeIgniter.php(419): CodeIgniter\CodeIgniter->runController(Object(App\Controllers\Admins\AdminController))
#6 C:\xampp\htdocs\TFG-Shop\system\CodeIgniter.php(326): CodeIgniter\CodeIgniter->handleRequest(NULL, Object(Config\Cache), false)
#7 C:\xampp\htdocs\TFG-Shop\index.php(36): CodeIgniter\CodeIgniter->run()
#8 {main}
CRITICAL - 2022-04-21 14:23:24 --> Call to a member function getFileMultiple() on null
#0 C:\xampp\htdocs\TFG-Shop\app\Controllers\Admins\AdminController.php(51): App\Entities\Product->insertData(Array)
#1 C:\xampp\htdocs\TFG-Shop\system\CodeIgniter.php(832): App\Controllers\Admins\AdminController->insertElement(Object(App\Entities\Product))
#2 C:\xampp\htdocs\TFG-Shop\system\CodeIgniter.php(419): CodeIgniter\CodeIgniter->runController(Object(App\Controllers\Admins\AdminController))
#3 C:\xampp\htdocs\TFG-Shop\system\CodeIgniter.php(326): CodeIgniter\CodeIgniter->handleRequest(NULL, Object(Config\Cache), false)
#4 C:\xampp\htdocs\TFG-Shop\index.php(36): CodeIgniter\CodeIgniter->run()
#5 {main}
CRITICAL - 2022-04-21 14:44:18 --> Call to undefined function App\Entities\push()
#0 C:\xampp\htdocs\TFG-Shop\app\Controllers\Admins\AdminController.php(51): App\Entities\Product->insertData(Array)
#1 C:\xampp\htdocs\TFG-Shop\system\CodeIgniter.php(832): App\Controllers\Admins\AdminController->insertElement(Object(App\Entities\Product))
#2 C:\xampp\htdocs\TFG-Shop\system\CodeIgniter.php(419): CodeIgniter\CodeIgniter->runController(Object(App\Controllers\Admins\AdminController))
#3 C:\xampp\htdocs\TFG-Shop\system\CodeIgniter.php(326): CodeIgniter\CodeIgniter->handleRequest(NULL, Object(Config\Cache), false)
#4 C:\xampp\htdocs\TFG-Shop\index.php(36): CodeIgniter\CodeIgniter->run()
#5 {main}
CRITICAL - 2022-04-21 14:49:55 --> Call to undefined function App\Entities\push()
#0 C:\xampp\htdocs\TFG-Shop\app\Controllers\Admins\AdminController.php(51): App\Entities\Product->insertData(Array)
#1 C:\xampp\htdocs\TFG-Shop\system\CodeIgniter.php(832): App\Controllers\Admins\AdminController->insertElement(Object(App\Entities\Product))
#2 C:\xampp\htdocs\TFG-Shop\system\CodeIgniter.php(419): CodeIgniter\CodeIgniter->runController(Object(App\Controllers\Admins\AdminController))
#3 C:\xampp\htdocs\TFG-Shop\system\CodeIgniter.php(326): CodeIgniter\CodeIgniter->handleRequest(NULL, Object(Config\Cache), false)
#4 C:\xampp\htdocs\TFG-Shop\index.php(36): CodeIgniter\CodeIgniter->run()
#5 {main}
CRITICAL - 2022-04-21 14:51:50 --> ini_set(): Session ini settings cannot be changed after headers have already been sent
#0 [internal function]: CodeIgniter\Debug\Exceptions->errorHandler(2, 'ini_set(): Sess...', 'C:\\xampp\\htdocs...', 71)
#1 C:\xampp\htdocs\TFG-Shop\system\Session\Handlers\FileHandler.php(71): ini_set('session.save_pa...', 'C:\\xampp\\htdocs...')
#2 C:\xampp\htdocs\TFG-Shop\system\Config\Services.php(570): CodeIgniter\Session\Handlers\FileHandler->__construct(Object(Config\App), '::1')
#3 C:\xampp\htdocs\TFG-Shop\system\Config\BaseService.php(248): CodeIgniter\Config\Services::session(Object(Config\App), false)
#4 C:\xampp\htdocs\TFG-Shop\system\Config\BaseService.php(189): CodeIgniter\Config\BaseService::__callStatic('session', Array)
#5 C:\xampp\htdocs\TFG-Shop\system\Config\Services.php(563): CodeIgniter\Config\BaseService::getSharedInstance('session', NULL)
#6 C:\xampp\htdocs\TFG-Shop\system\Config\BaseService.php(248): CodeIgniter\Config\Services::session()
#7 C:\xampp\htdocs\TFG-Shop\system\Common.php(901): CodeIgniter\Config\BaseService::__callStatic('session', Array)
#8 C:\xampp\htdocs\TFG-Shop\app\Filters\AuthGuard.php(9): session()
#9 C:\xampp\htdocs\TFG-Shop\system\Filters\Filters.php(173): App\Filters\AuthGuard->before(Object(CodeIgniter\HTTP\IncomingRequest), NULL)
#10 C:\xampp\htdocs\TFG-Shop\system\CodeIgniter.php(393): CodeIgniter\Filters\Filters->run('adminPage/inser...', 'before')
#11 C:\xampp\htdocs\TFG-Shop\system\CodeIgniter.php(326): CodeIgniter\CodeIgniter->handleRequest(NULL, Object(Config\Cache), false)
#12 C:\xampp\htdocs\TFG-Shop\index.php(36): CodeIgniter\CodeIgniter->run()
#13 {main}
CRITICAL - 2022-04-21 14:51:50 --> Uncaught ErrorException: Cannot modify header information - headers already sent by (output started at C:\xampp\htdocs\TFG-Shop\app\Config\Events.php:32) in C:\xampp\htdocs\TFG-Shop\system\Debug\Exceptions.php:112
Stack trace:
#0 [internal function]: CodeIgniter\Debug\Exceptions->errorHandler(2, 'Cannot modify h...', 'C:\\xampp\\htdocs...', 112)
#1 C:\xampp\htdocs\TFG-Shop\system\Debug\Exceptions.php(112): header('HTTP/1.1 500 In...', true, 500)
#2 [internal function]: CodeIgniter\Debug\Exceptions->exceptionHandler(Object(ErrorException))
#3 {main}
  thrown
#0 [internal function]: CodeIgniter\Debug\Exceptions->shutdownHandler()
#1 {main}
CRITICAL - 2022-04-21 14:52:18 --> Call to undefined function App\Entities\push()
#0 C:\xampp\htdocs\TFG-Shop\app\Controllers\Admins\AdminController.php(51): App\Entities\Product->insertData(Array)
#1 C:\xampp\htdocs\TFG-Shop\system\CodeIgniter.php(832): App\Controllers\Admins\AdminController->insertElement(Object(App\Entities\Product))
#2 C:\xampp\htdocs\TFG-Shop\system\CodeIgniter.php(419): CodeIgniter\CodeIgniter->runController(Object(App\Controllers\Admins\AdminController))
#3 C:\xampp\htdocs\TFG-Shop\system\CodeIgniter.php(326): CodeIgniter\CodeIgniter->handleRequest(NULL, Object(Config\Cache), false)
#4 C:\xampp\htdocs\TFG-Shop\index.php(36): CodeIgniter\CodeIgniter->run()
#5 {main}
CRITICAL - 2022-04-21 14:53:59 --> Call to undefined function App\Entities\push()
#0 C:\xampp\htdocs\TFG-Shop\app\Controllers\Admins\AdminController.php(51): App\Entities\Product->insertData(Array)
#1 C:\xampp\htdocs\TFG-Shop\system\CodeIgniter.php(832): App\Controllers\Admins\AdminController->insertElement(Object(App\Entities\Product))
#2 C:\xampp\htdocs\TFG-Shop\system\CodeIgniter.php(419): CodeIgniter\CodeIgniter->runController(Object(App\Controllers\Admins\AdminController))
#3 C:\xampp\htdocs\TFG-Shop\system\CodeIgniter.php(326): CodeIgniter\CodeIgniter->handleRequest(NULL, Object(Config\Cache), false)
#4 C:\xampp\htdocs\TFG-Shop\index.php(36): CodeIgniter\CodeIgniter->run()
#5 {main}
CRITICAL - 2022-04-21 14:55:22 --> Call to undefined function App\Entities\push()
#0 C:\xampp\htdocs\TFG-Shop\app\Controllers\Admins\AdminController.php(51): App\Entities\Product->insertData(Array)
#1 C:\xampp\htdocs\TFG-Shop\system\CodeIgniter.php(832): App\Controllers\Admins\AdminController->insertElement(Object(App\Entities\Product))
#2 C:\xampp\htdocs\TFG-Shop\system\CodeIgniter.php(419): CodeIgniter\CodeIgniter->runController(Object(App\Controllers\Admins\AdminController))
#3 C:\xampp\htdocs\TFG-Shop\system\CodeIgniter.php(326): CodeIgniter\CodeIgniter->handleRequest(NULL, Object(Config\Cache), false)
#4 C:\xampp\htdocs\TFG-Shop\index.php(36): CodeIgniter\CodeIgniter->run()
#5 {main}
CRITICAL - 2022-04-21 14:55:43 --> Call to undefined function App\Entities\push()
#0 C:\xampp\htdocs\TFG-Shop\app\Controllers\Admins\AdminController.php(51): App\Entities\Product->insertData(Array)
#1 C:\xampp\htdocs\TFG-Shop\system\CodeIgniter.php(832): App\Controllers\Admins\AdminController->insertElement(Object(App\Entities\Product))
#2 C:\xampp\htdocs\TFG-Shop\system\CodeIgniter.php(419): CodeIgniter\CodeIgniter->runController(Object(App\Controllers\Admins\AdminController))
#3 C:\xampp\htdocs\TFG-Shop\system\CodeIgniter.php(326): CodeIgniter\CodeIgniter->handleRequest(NULL, Object(Config\Cache), false)
#4 C:\xampp\htdocs\TFG-Shop\index.php(36): CodeIgniter\CodeIgniter->run()
#5 {main}
CRITICAL - 2022-04-21 14:55:54 --> Call to undefined function App\Entities\push()
#0 C:\xampp\htdocs\TFG-Shop\app\Controllers\Admins\AdminController.php(51): App\Entities\Product->insertData(Array)
#1 C:\xampp\htdocs\TFG-Shop\system\CodeIgniter.php(832): App\Controllers\Admins\AdminController->insertElement(Object(App\Entities\Product))
#2 C:\xampp\htdocs\TFG-Shop\system\CodeIgniter.php(419): CodeIgniter\CodeIgniter->runController(Object(App\Controllers\Admins\AdminController))
#3 C:\xampp\htdocs\TFG-Shop\system\CodeIgniter.php(326): CodeIgniter\CodeIgniter->handleRequest(NULL, Object(Config\Cache), false)
#4 C:\xampp\htdocs\TFG-Shop\index.php(36): CodeIgniter\CodeIgniter->run()
#5 {main}
CRITICAL - 2022-04-21 14:56:44 --> Call to undefined function App\Entities\push()
#0 C:\xampp\htdocs\TFG-Shop\app\Controllers\Admins\AdminController.php(51): App\Entities\Product->insertData(Array)
#1 C:\xampp\htdocs\TFG-Shop\system\CodeIgniter.php(832): App\Controllers\Admins\AdminController->insertElement(Object(App\Entities\Product))
#2 C:\xampp\htdocs\TFG-Shop\system\CodeIgniter.php(419): CodeIgniter\CodeIgniter->runController(Object(App\Controllers\Admins\AdminController))
#3 C:\xampp\htdocs\TFG-Shop\system\CodeIgniter.php(326): CodeIgniter\CodeIgniter->handleRequest(NULL, Object(Config\Cache), false)
#4 C:\xampp\htdocs\TFG-Shop\index.php(36): CodeIgniter\CodeIgniter->run()
#5 {main}
CRITICAL - 2022-04-21 14:58:08 --> ini_set(): Session ini settings cannot be changed after headers have already been sent
#0 [internal function]: CodeIgniter\Debug\Exceptions->errorHandler(2, 'ini_set(): Sess...', 'C:\\xampp\\htdocs...', 71)
#1 C:\xampp\htdocs\TFG-Shop\system\Session\Handlers\FileHandler.php(71): ini_set('session.save_pa...', 'C:\\xampp\\htdocs...')
#2 C:\xampp\htdocs\TFG-Shop\system\Config\Services.php(570): CodeIgniter\Session\Handlers\FileHandler->__construct(Object(Config\App), '::1')
#3 C:\xampp\htdocs\TFG-Shop\system\Config\BaseService.php(248): CodeIgniter\Config\Services::session(Object(Config\App), false)
#4 C:\xampp\htdocs\TFG-Shop\system\Config\BaseService.php(189): CodeIgniter\Config\BaseService::__callStatic('session', Array)
#5 C:\xampp\htdocs\TFG-Shop\system\Config\Services.php(563): CodeIgniter\Config\BaseService::getSharedInstance('session', NULL)
#6 C:\xampp\htdocs\TFG-Shop\system\Config\BaseService.php(248): CodeIgniter\Config\Services::session()
#7 C:\xampp\htdocs\TFG-Shop\system\Common.php(901): CodeIgniter\Config\BaseService::__callStatic('session', Array)
#8 C:\xampp\htdocs\TFG-Shop\app\Filters\AuthGuard.php(9): session()
#9 C:\xampp\htdocs\TFG-Shop\system\Filters\Filters.php(173): App\Filters\AuthGuard->before(Object(CodeIgniter\HTTP\IncomingRequest), NULL)
#10 C:\xampp\htdocs\TFG-Shop\system\CodeIgniter.php(393): CodeIgniter\Filters\Filters->run('adminPage/inser...', 'before')
#11 C:\xampp\htdocs\TFG-Shop\system\CodeIgniter.php(326): CodeIgniter\CodeIgniter->handleRequest(NULL, Object(Config\Cache), false)
#12 C:\xampp\htdocs\TFG-Shop\index.php(36): CodeIgniter\CodeIgniter->run()
#13 {main}
CRITICAL - 2022-04-21 14:58:08 --> Uncaught ErrorException: Cannot modify header information - headers already sent by (output started at C:\xampp\htdocs\TFG-Shop\app\Config\Events.php:32) in C:\xampp\htdocs\TFG-Shop\system\Debug\Exceptions.php:112
Stack trace:
#0 [internal function]: CodeIgniter\Debug\Exceptions->errorHandler(2, 'Cannot modify h...', 'C:\\xampp\\htdocs...', 112)
#1 C:\xampp\htdocs\TFG-Shop\system\Debug\Exceptions.php(112): header('HTTP/1.1 500 In...', true, 500)
#2 [internal function]: CodeIgniter\Debug\Exceptions->exceptionHandler(Object(ErrorException))
#3 {main}
  thrown
#0 [internal function]: CodeIgniter\Debug\Exceptions->shutdownHandler()
#1 {main}
CRITICAL - 2022-04-21 15:03:02 --> Class "App\Models\Imagesprod" not found
#0 C:\xampp\htdocs\TFG-Shop\app\Controllers\Admins\AdminController.php(51): App\Entities\Product->insertData(Array)
#1 C:\xampp\htdocs\TFG-Shop\system\CodeIgniter.php(832): App\Controllers\Admins\AdminController->insertElement(Object(App\Entities\Product))
#2 C:\xampp\htdocs\TFG-Shop\system\CodeIgniter.php(419): CodeIgniter\CodeIgniter->runController(Object(App\Controllers\Admins\AdminController))
#3 C:\xampp\htdocs\TFG-Shop\system\CodeIgniter.php(326): CodeIgniter\CodeIgniter->handleRequest(NULL, Object(Config\Cache), false)
#4 C:\xampp\htdocs\TFG-Shop\index.php(36): CodeIgniter\CodeIgniter->run()
#5 {main}
CRITICAL - 2022-04-21 15:03:52 --> Class "App\Models\Imagesprod" not found
#0 C:\xampp\htdocs\TFG-Shop\app\Controllers\Admins\AdminController.php(51): App\Entities\Product->insertData(Array)
#1 C:\xampp\htdocs\TFG-Shop\system\CodeIgniter.php(832): App\Controllers\Admins\AdminController->insertElement(Object(App\Entities\Product))
#2 C:\xampp\htdocs\TFG-Shop\system\CodeIgniter.php(419): CodeIgniter\CodeIgniter->runController(Object(App\Controllers\Admins\AdminController))
#3 C:\xampp\htdocs\TFG-Shop\system\CodeIgniter.php(326): CodeIgniter\CodeIgniter->handleRequest(NULL, Object(Config\Cache), false)
#4 C:\xampp\htdocs\TFG-Shop\index.php(36): CodeIgniter\CodeIgniter->run()
#5 {main}
CRITICAL - 2022-04-21 15:04:32 --> Class "App\Models\Imagesprod" not found
#0 C:\xampp\htdocs\TFG-Shop\app\Controllers\Admins\AdminController.php(51): App\Entities\Product->insertData(Array)
#1 C:\xampp\htdocs\TFG-Shop\system\CodeIgniter.php(832): App\Controllers\Admins\AdminController->insertElement(Object(App\Entities\Product))
#2 C:\xampp\htdocs\TFG-Shop\system\CodeIgniter.php(419): CodeIgniter\CodeIgniter->runController(Object(App\Controllers\Admins\AdminController))
#3 C:\xampp\htdocs\TFG-Shop\system\CodeIgniter.php(326): CodeIgniter\CodeIgniter->handleRequest(NULL, Object(Config\Cache), false)
#4 C:\xampp\htdocs\TFG-Shop\index.php(36): CodeIgniter\CodeIgniter->run()
#5 {main}
CRITICAL - 2022-04-21 15:04:41 --> Class "App\Models\Imagesprod" not found
#0 C:\xampp\htdocs\TFG-Shop\app\Controllers\Admins\AdminController.php(51): App\Entities\Product->insertData(Array)
#1 C:\xampp\htdocs\TFG-Shop\system\CodeIgniter.php(832): App\Controllers\Admins\AdminController->insertElement(Object(App\Entities\Product))
#2 C:\xampp\htdocs\TFG-Shop\system\CodeIgniter.php(419): CodeIgniter\CodeIgniter->runController(Object(App\Controllers\Admins\AdminController))
#3 C:\xampp\htdocs\TFG-Shop\system\CodeIgniter.php(326): CodeIgniter\CodeIgniter->handleRequest(NULL, Object(Config\Cache), false)
#4 C:\xampp\htdocs\TFG-Shop\index.php(36): CodeIgniter\CodeIgniter->run()
#5 {main}
CRITICAL - 2022-04-21 15:04:47 --> Class "App\Models\Imagesprod" not found
#0 C:\xampp\htdocs\TFG-Shop\app\Controllers\Admins\AdminController.php(51): App\Entities\Product->insertData(Array)
#1 C:\xampp\htdocs\TFG-Shop\system\CodeIgniter.php(832): App\Controllers\Admins\AdminController->insertElement(Object(App\Entities\Product))
#2 C:\xampp\htdocs\TFG-Shop\system\CodeIgniter.php(419): CodeIgniter\CodeIgniter->runController(Object(App\Controllers\Admins\AdminController))
#3 C:\xampp\htdocs\TFG-Shop\system\CodeIgniter.php(326): CodeIgniter\CodeIgniter->handleRequest(NULL, Object(Config\Cache), false)
#4 C:\xampp\htdocs\TFG-Shop\index.php(36): CodeIgniter\CodeIgniter->run()
#5 {main}
CRITICAL - 2022-04-21 15:04:56 --> Class "App\Models\Imagesprod" not found
#0 C:\xampp\htdocs\TFG-Shop\app\Controllers\Admins\AdminController.php(51): App\Entities\Product->insertData(Array)
#1 C:\xampp\htdocs\TFG-Shop\system\CodeIgniter.php(832): App\Controllers\Admins\AdminController->insertElement(Object(App\Entities\Product))
#2 C:\xampp\htdocs\TFG-Shop\system\CodeIgniter.php(419): CodeIgniter\CodeIgniter->runController(Object(App\Controllers\Admins\AdminController))
#3 C:\xampp\htdocs\TFG-Shop\system\CodeIgniter.php(326): CodeIgniter\CodeIgniter->handleRequest(NULL, Object(Config\Cache), false)
#4 C:\xampp\htdocs\TFG-Shop\index.php(36): CodeIgniter\CodeIgniter->run()
#5 {main}
CRITICAL - 2022-04-21 15:05:22 --> Class "App\Models\Imagesprod" not found
#0 C:\xampp\htdocs\TFG-Shop\system\CodeIgniter.php(832): App\Controllers\Admins\AdminController->loadView('productEdit')
#1 C:\xampp\htdocs\TFG-Shop\system\CodeIgniter.php(419): CodeIgniter\CodeIgniter->runController(Object(App\Controllers\Admins\AdminController))
#2 C:\xampp\htdocs\TFG-Shop\system\CodeIgniter.php(326): CodeIgniter\CodeIgniter->handleRequest(NULL, Object(Config\Cache), false)
#3 C:\xampp\htdocs\TFG-Shop\index.php(36): CodeIgniter\CodeIgniter->run()
#4 {main}
CRITICAL - 2022-04-21 15:05:57 --> Class "App\Models\Imagesprod" not found
#0 C:\xampp\htdocs\TFG-Shop\system\CodeIgniter.php(832): App\Controllers\Admins\AdminController->loadView('productEdit')
#1 C:\xampp\htdocs\TFG-Shop\system\CodeIgniter.php(419): CodeIgniter\CodeIgniter->runController(Object(App\Controllers\Admins\AdminController))
#2 C:\xampp\htdocs\TFG-Shop\system\CodeIgniter.php(326): CodeIgniter\CodeIgniter->handleRequest(NULL, Object(Config\Cache), false)
#3 C:\xampp\htdocs\TFG-Shop\index.php(36): CodeIgniter\CodeIgniter->run()
#4 {main}
CRITICAL - 2022-04-21 15:06:10 --> Class "App\Models\Imagesprod" not found
#0 C:\xampp\htdocs\TFG-Shop\system\CodeIgniter.php(832): App\Controllers\Admins\AdminController->loadView('productEdit')
#1 C:\xampp\htdocs\TFG-Shop\system\CodeIgniter.php(419): CodeIgniter\CodeIgniter->runController(Object(App\Controllers\Admins\AdminController))
#2 C:\xampp\htdocs\TFG-Shop\system\CodeIgniter.php(326): CodeIgniter\CodeIgniter->handleRequest(NULL, Object(Config\Cache), false)
#3 C:\xampp\htdocs\TFG-Shop\index.php(36): CodeIgniter\CodeIgniter->run()
#4 {main}
CRITICAL - 2022-04-21 15:07:32 --> Class "App\Models\Img_productsModel" not found
#0 C:\xampp\htdocs\TFG-Shop\system\CodeIgniter.php(832): App\Controllers\Admins\AdminController->loadView('productEdit')
#1 C:\xampp\htdocs\TFG-Shop\system\CodeIgniter.php(419): CodeIgniter\CodeIgniter->runController(Object(App\Controllers\Admins\AdminController))
#2 C:\xampp\htdocs\TFG-Shop\system\CodeIgniter.php(326): CodeIgniter\CodeIgniter->handleRequest(NULL, Object(Config\Cache), false)
#3 C:\xampp\htdocs\TFG-Shop\index.php(36): CodeIgniter\CodeIgniter->run()
#4 {main}
ERROR - 2022-04-21 15:08:38 --> Table 'shop.images_product' doesn't exist
CRITICAL - 2022-04-21 15:08:38 --> Table 'shop.images_product' doesn't exist
#0 C:\xampp\htdocs\TFG-Shop\system\Database\MySQLi\Connection.php(292): mysqli->query('INSERT INTO `im...', 0)
#1 C:\xampp\htdocs\TFG-Shop\system\Database\BaseConnection.php(670): CodeIgniter\Database\MySQLi\Connection->execute('INSERT INTO `im...')
#2 C:\xampp\htdocs\TFG-Shop\system\Database\BaseConnection.php(598): CodeIgniter\Database\BaseConnection->simpleQuery('INSERT INTO `im...')
#3 C:\xampp\htdocs\TFG-Shop\system\Database\BaseBuilder.php(1771): CodeIgniter\Database\BaseConnection->query('INSERT INTO `im...', Array, false)
#4 C:\xampp\htdocs\TFG-Shop\system\Model.php(239): CodeIgniter\Database\BaseBuilder->insert()
#5 C:\xampp\htdocs\TFG-Shop\system\BaseModel.php(738): CodeIgniter\Model->doInsert(Array)
#6 C:\xampp\htdocs\TFG-Shop\system\Model.php(625): CodeIgniter\BaseModel->insert(Array, true)
#7 C:\xampp\htdocs\TFG-Shop\app\Entities\Product.php(46): CodeIgniter\Model->insert(Array)
#8 C:\xampp\htdocs\TFG-Shop\app\Controllers\Admins\AdminController.php(51): App\Entities\Product->insertData(Array)
#9 C:\xampp\htdocs\TFG-Shop\system\CodeIgniter.php(832): App\Controllers\Admins\AdminController->insertElement(Object(App\Entities\Product))
#10 C:\xampp\htdocs\TFG-Shop\system\CodeIgniter.php(419): CodeIgniter\CodeIgniter->runController(Object(App\Controllers\Admins\AdminController))
#11 C:\xampp\htdocs\TFG-Shop\system\CodeIgniter.php(326): CodeIgniter\CodeIgniter->handleRequest(NULL, Object(Config\Cache), false)
#12 C:\xampp\htdocs\TFG-Shop\index.php(36): CodeIgniter\CodeIgniter->run()
#13 {main}
ERROR - 2022-04-21 15:08:44 --> Table 'shop.images_product' doesn't exist
CRITICAL - 2022-04-21 15:08:44 --> Table 'shop.images_product' doesn't exist
#0 C:\xampp\htdocs\TFG-Shop\system\Database\MySQLi\Connection.php(292): mysqli->query('INSERT INTO `im...', 0)
#1 C:\xampp\htdocs\TFG-Shop\system\Database\BaseConnection.php(670): CodeIgniter\Database\MySQLi\Connection->execute('INSERT INTO `im...')
#2 C:\xampp\htdocs\TFG-Shop\system\Database\BaseConnection.php(598): CodeIgniter\Database\BaseConnection->simpleQuery('INSERT INTO `im...')
#3 C:\xampp\htdocs\TFG-Shop\system\Database\BaseBuilder.php(1771): CodeIgniter\Database\BaseConnection->query('INSERT INTO `im...', Array, false)
#4 C:\xampp\htdocs\TFG-Shop\system\Model.php(239): CodeIgniter\Database\BaseBuilder->insert()
#5 C:\xampp\htdocs\TFG-Shop\system\BaseModel.php(738): CodeIgniter\Model->doInsert(Array)
#6 C:\xampp\htdocs\TFG-Shop\system\Model.php(625): CodeIgniter\BaseModel->insert(Array, true)
#7 C:\xampp\htdocs\TFG-Shop\app\Entities\Product.php(46): CodeIgniter\Model->insert(Array)
#8 C:\xampp\htdocs\TFG-Shop\app\Controllers\Admins\AdminController.php(51): App\Entities\Product->insertData(Array)
#9 C:\xampp\htdocs\TFG-Shop\system\CodeIgniter.php(832): App\Controllers\Admins\AdminController->insertElement(Object(App\Entities\Product))
#10 C:\xampp\htdocs\TFG-Shop\system\CodeIgniter.php(419): CodeIgniter\CodeIgniter->runController(Object(App\Controllers\Admins\AdminController))
#11 C:\xampp\htdocs\TFG-Shop\system\CodeIgniter.php(326): CodeIgniter\CodeIgniter->handleRequest(NULL, Object(Config\Cache), false)
#12 C:\xampp\htdocs\TFG-Shop\index.php(36): CodeIgniter\CodeIgniter->run()
#13 {main}
ERROR - 2022-04-21 15:08:58 --> Table 'shop.images_product' doesn't exist
CRITICAL - 2022-04-21 15:08:58 --> Table 'shop.images_product' doesn't exist
#0 C:\xampp\htdocs\TFG-Shop\system\Database\MySQLi\Connection.php(292): mysqli->query('INSERT INTO `im...', 0)
#1 C:\xampp\htdocs\TFG-Shop\system\Database\BaseConnection.php(670): CodeIgniter\Database\MySQLi\Connection->execute('INSERT INTO `im...')
#2 C:\xampp\htdocs\TFG-Shop\system\Database\BaseConnection.php(598): CodeIgniter\Database\BaseConnection->simpleQuery('INSERT INTO `im...')
#3 C:\xampp\htdocs\TFG-Shop\system\Database\BaseBuilder.php(1771): CodeIgniter\Database\BaseConnection->query('INSERT INTO `im...', Array, false)
#4 C:\xampp\htdocs\TFG-Shop\system\Model.php(239): CodeIgniter\Database\BaseBuilder->insert()
#5 C:\xampp\htdocs\TFG-Shop\system\BaseModel.php(738): CodeIgniter\Model->doInsert(Array)
#6 C:\xampp\htdocs\TFG-Shop\system\Model.php(625): CodeIgniter\BaseModel->insert(Array, true)
#7 C:\xampp\htdocs\TFG-Shop\app\Entities\Product.php(47): CodeIgniter\Model->insert(Array)
#8 C:\xampp\htdocs\TFG-Shop\app\Controllers\Admins\AdminController.php(51): App\Entities\Product->insertData(Array)
#9 C:\xampp\htdocs\TFG-Shop\system\CodeIgniter.php(832): App\Controllers\Admins\AdminController->insertElement(Object(App\Entities\Product))
#10 C:\xampp\htdocs\TFG-Shop\system\CodeIgniter.php(419): CodeIgniter\CodeIgniter->runController(Object(App\Controllers\Admins\AdminController))
#11 C:\xampp\htdocs\TFG-Shop\system\CodeIgniter.php(326): CodeIgniter\CodeIgniter->handleRequest(NULL, Object(Config\Cache), false)
#12 C:\xampp\htdocs\TFG-Shop\index.php(36): CodeIgniter\CodeIgniter->run()
#13 {main}
ERROR - 2022-04-21 15:09:07 --> Table 'shop.images_product' doesn't exist
CRITICAL - 2022-04-21 15:09:07 --> Table 'shop.images_product' doesn't exist
#0 C:\xampp\htdocs\TFG-Shop\system\Database\MySQLi\Connection.php(292): mysqli->query('INSERT INTO `im...', 0)
#1 C:\xampp\htdocs\TFG-Shop\system\Database\BaseConnection.php(670): CodeIgniter\Database\MySQLi\Connection->execute('INSERT INTO `im...')
#2 C:\xampp\htdocs\TFG-Shop\system\Database\BaseConnection.php(598): CodeIgniter\Database\BaseConnection->simpleQuery('INSERT INTO `im...')
#3 C:\xampp\htdocs\TFG-Shop\system\Database\BaseBuilder.php(1771): CodeIgniter\Database\BaseConnection->query('INSERT INTO `im...', Array, false)
#4 C:\xampp\htdocs\TFG-Shop\system\Model.php(239): CodeIgniter\Database\BaseBuilder->insert()
#5 C:\xampp\htdocs\TFG-Shop\system\BaseModel.php(738): CodeIgniter\Model->doInsert(Array)
#6 C:\xampp\htdocs\TFG-Shop\system\Model.php(625): CodeIgniter\BaseModel->insert(Array, true)
#7 C:\xampp\htdocs\TFG-Shop\app\Entities\Product.php(47): CodeIgniter\Model->insert(Array)
#8 C:\xampp\htdocs\TFG-Shop\app\Controllers\Admins\AdminController.php(51): App\Entities\Product->insertData(Array)
#9 C:\xampp\htdocs\TFG-Shop\system\CodeIgniter.php(832): App\Controllers\Admins\AdminController->insertElement(Object(App\Entities\Product))
#10 C:\xampp\htdocs\TFG-Shop\system\CodeIgniter.php(419): CodeIgniter\CodeIgniter->runController(Object(App\Controllers\Admins\AdminController))
#11 C:\xampp\htdocs\TFG-Shop\system\CodeIgniter.php(326): CodeIgniter\CodeIgniter->handleRequest(NULL, Object(Config\Cache), false)
#12 C:\xampp\htdocs\TFG-Shop\index.php(36): CodeIgniter\CodeIgniter->run()
#13 {main}
ERROR - 2022-04-21 15:10:20 --> Table 'shop.images_product' doesn't exist
CRITICAL - 2022-04-21 15:10:20 --> Table 'shop.images_product' doesn't exist
#0 C:\xampp\htdocs\TFG-Shop\system\Database\MySQLi\Connection.php(292): mysqli->query('INSERT INTO `im...', 0)
#1 C:\xampp\htdocs\TFG-Shop\system\Database\BaseConnection.php(670): CodeIgniter\Database\MySQLi\Connection->execute('INSERT INTO `im...')
#2 C:\xampp\htdocs\TFG-Shop\system\Database\BaseConnection.php(598): CodeIgniter\Database\BaseConnection->simpleQuery('INSERT INTO `im...')
#3 C:\xampp\htdocs\TFG-Shop\system\Database\BaseBuilder.php(1771): CodeIgniter\Database\BaseConnection->query('INSERT INTO `im...', Array, false)
#4 C:\xampp\htdocs\TFG-Shop\system\Model.php(239): CodeIgniter\Database\BaseBuilder->insert()
#5 C:\xampp\htdocs\TFG-Shop\system\BaseModel.php(738): CodeIgniter\Model->doInsert(Array)
#6 C:\xampp\htdocs\TFG-Shop\system\Model.php(625): CodeIgniter\BaseModel->insert(Array, true)
#7 C:\xampp\htdocs\TFG-Shop\app\Entities\Product.php(46): CodeIgniter\Model->insert(Array)
#8 C:\xampp\htdocs\TFG-Shop\app\Controllers\Admins\AdminController.php(51): App\Entities\Product->insertData(Array)
#9 C:\xampp\htdocs\TFG-Shop\system\CodeIgniter.php(832): App\Controllers\Admins\AdminController->insertElement(Object(App\Entities\Product))
#10 C:\xampp\htdocs\TFG-Shop\system\CodeIgniter.php(419): CodeIgniter\CodeIgniter->runController(Object(App\Controllers\Admins\AdminController))
#11 C:\xampp\htdocs\TFG-Shop\system\CodeIgniter.php(326): CodeIgniter\CodeIgniter->handleRequest(NULL, Object(Config\Cache), false)
#12 C:\xampp\htdocs\TFG-Shop\index.php(36): CodeIgniter\CodeIgniter->run()
#13 {main}
ERROR - 2022-04-21 15:11:56 --> Table 'shop.images_product' doesn't exist
CRITICAL - 2022-04-21 15:11:56 --> Table 'shop.images_product' doesn't exist
#0 C:\xampp\htdocs\TFG-Shop\system\Database\MySQLi\Connection.php(292): mysqli->query('INSERT INTO `im...', 0)
#1 C:\xampp\htdocs\TFG-Shop\system\Database\BaseConnection.php(670): CodeIgniter\Database\MySQLi\Connection->execute('INSERT INTO `im...')
#2 C:\xampp\htdocs\TFG-Shop\system\Database\BaseConnection.php(598): CodeIgniter\Database\BaseConnection->simpleQuery('INSERT INTO `im...')
#3 C:\xampp\htdocs\TFG-Shop\system\Database\BaseBuilder.php(1771): CodeIgniter\Database\BaseConnection->query('INSERT INTO `im...', Array, false)
#4 C:\xampp\htdocs\TFG-Shop\system\Model.php(239): CodeIgniter\Database\BaseBuilder->insert()
#5 C:\xampp\htdocs\TFG-Shop\system\BaseModel.php(738): CodeIgniter\Model->doInsert(Array)
#6 C:\xampp\htdocs\TFG-Shop\system\Model.php(625): CodeIgniter\BaseModel->insert(Array, true)
#7 C:\xampp\htdocs\TFG-Shop\app\Controllers\Admins\AdminController.php(22): CodeIgniter\Model->insert(Array)
#8 C:\xampp\htdocs\TFG-Shop\system\CodeIgniter.php(832): App\Controllers\Admins\AdminController->loadView('productEdit')
#9 C:\xampp\htdocs\TFG-Shop\system\CodeIgniter.php(419): CodeIgniter\CodeIgniter->runController(Object(App\Controllers\Admins\AdminController))
#10 C:\xampp\htdocs\TFG-Shop\system\CodeIgniter.php(326): CodeIgniter\CodeIgniter->handleRequest(NULL, Object(Config\Cache), false)
#11 C:\xampp\htdocs\TFG-Shop\index.php(36): CodeIgniter\CodeIgniter->run()
#12 {main}
ERROR - 2022-04-21 15:12:30 --> Cannot add or update a child row: a foreign key constraint fails (`shop`.`images_products`, CONSTRAINT `images_products_ibfk_4` FOREIGN KEY (`id_image`) REFERENCES `p_images` (`id`) ON DELETE NO ACTION ON UPDATE NO ACTION)
CRITICAL - 2022-04-21 15:12:30 --> Cannot add or update a child row: a foreign key constraint fails (`shop`.`images_products`, CONSTRAINT `images_products_ibfk_4` FOREIGN KEY (`id_image`) REFERENCES `p_images` (`id`) ON DELETE NO ACTION ON UPDATE NO ACTION)
#0 C:\xampp\htdocs\TFG-Shop\system\Database\MySQLi\Connection.php(292): mysqli->query('INSERT INTO `im...', 0)
#1 C:\xampp\htdocs\TFG-Shop\system\Database\BaseConnection.php(670): CodeIgniter\Database\MySQLi\Connection->execute('INSERT INTO `im...')
#2 C:\xampp\htdocs\TFG-Shop\system\Database\BaseConnection.php(598): CodeIgniter\Database\BaseConnection->simpleQuery('INSERT INTO `im...')
#3 C:\xampp\htdocs\TFG-Shop\system\Database\BaseBuilder.php(1771): CodeIgniter\Database\BaseConnection->query('INSERT INTO `im...', Array, false)
#4 C:\xampp\htdocs\TFG-Shop\system\Model.php(239): CodeIgniter\Database\BaseBuilder->insert()
#5 C:\xampp\htdocs\TFG-Shop\system\BaseModel.php(738): CodeIgniter\Model->doInsert(Array)
#6 C:\xampp\htdocs\TFG-Shop\system\Model.php(625): CodeIgniter\BaseModel->insert(Array, true)
#7 C:\xampp\htdocs\TFG-Shop\app\Entities\Product.php(46): CodeIgniter\Model->insert(Array)
#8 C:\xampp\htdocs\TFG-Shop\app\Controllers\Admins\AdminController.php(51): App\Entities\Product->insertData(Array)
#9 C:\xampp\htdocs\TFG-Shop\system\CodeIgniter.php(832): App\Controllers\Admins\AdminController->insertElement(Object(App\Entities\Product))
#10 C:\xampp\htdocs\TFG-Shop\system\CodeIgniter.php(419): CodeIgniter\CodeIgniter->runController(Object(App\Controllers\Admins\AdminController))
#11 C:\xampp\htdocs\TFG-Shop\system\CodeIgniter.php(326): CodeIgniter\CodeIgniter->handleRequest(NULL, Object(Config\Cache), false)
#12 C:\xampp\htdocs\TFG-Shop\index.php(36): CodeIgniter\CodeIgniter->run()
#13 {main}
ERROR - 2022-04-21 15:13:29 --> Cannot add or update a child row: a foreign key constraint fails (`shop`.`images_products`, CONSTRAINT `images_products_ibfk_4` FOREIGN KEY (`id_image`) REFERENCES `p_images` (`id`) ON DELETE NO ACTION ON UPDATE NO ACTION)
CRITICAL - 2022-04-21 15:13:29 --> Cannot add or update a child row: a foreign key constraint fails (`shop`.`images_products`, CONSTRAINT `images_products_ibfk_4` FOREIGN KEY (`id_image`) REFERENCES `p_images` (`id`) ON DELETE NO ACTION ON UPDATE NO ACTION)
#0 C:\xampp\htdocs\TFG-Shop\system\Database\MySQLi\Connection.php(292): mysqli->query('INSERT INTO `im...', 0)
#1 C:\xampp\htdocs\TFG-Shop\system\Database\BaseConnection.php(670): CodeIgniter\Database\MySQLi\Connection->execute('INSERT INTO `im...')
#2 C:\xampp\htdocs\TFG-Shop\system\Database\BaseConnection.php(598): CodeIgniter\Database\BaseConnection->simpleQuery('INSERT INTO `im...')
#3 C:\xampp\htdocs\TFG-Shop\system\Database\BaseBuilder.php(1771): CodeIgniter\Database\BaseConnection->query('INSERT INTO `im...', Array, false)
#4 C:\xampp\htdocs\TFG-Shop\system\Model.php(239): CodeIgniter\Database\BaseBuilder->insert()
#5 C:\xampp\htdocs\TFG-Shop\system\BaseModel.php(738): CodeIgniter\Model->doInsert(Array)
#6 C:\xampp\htdocs\TFG-Shop\system\Model.php(625): CodeIgniter\BaseModel->insert(Array, true)
#7 C:\xampp\htdocs\TFG-Shop\app\Entities\Product.php(46): CodeIgniter\Model->insert(Array)
#8 C:\xampp\htdocs\TFG-Shop\app\Controllers\Admins\AdminController.php(51): App\Entities\Product->insertData(Array)
#9 C:\xampp\htdocs\TFG-Shop\system\CodeIgniter.php(832): App\Controllers\Admins\AdminController->insertElement(Object(App\Entities\Product))
#10 C:\xampp\htdocs\TFG-Shop\system\CodeIgniter.php(419): CodeIgniter\CodeIgniter->runController(Object(App\Controllers\Admins\AdminController))
#11 C:\xampp\htdocs\TFG-Shop\system\CodeIgniter.php(326): CodeIgniter\CodeIgniter->handleRequest(NULL, Object(Config\Cache), false)
#12 C:\xampp\htdocs\TFG-Shop\index.php(36): CodeIgniter\CodeIgniter->run()
#13 {main}
CRITICAL - 2022-04-21 15:26:09 --> There is no data to update.
#0 C:\xampp\htdocs\TFG-Shop\system\BaseModel.php(846): CodeIgniter\Database\Exceptions\DataException::forEmptyDataset('update')
#1 C:\xampp\htdocs\TFG-Shop\system\Model.php(651): CodeIgniter\BaseModel->update(Array, Array)
#2 C:\xampp\htdocs\TFG-Shop\app\Entities\Product.php(58): CodeIgniter\Model->update(75, Array)
#3 C:\xampp\htdocs\TFG-Shop\app\Controllers\Admins\AdminController.php(51): App\Entities\Product->insertData(Array)
#4 C:\xampp\htdocs\TFG-Shop\system\CodeIgniter.php(832): App\Controllers\Admins\AdminController->insertElement(Object(App\Entities\Product))
#5 C:\xampp\htdocs\TFG-Shop\system\CodeIgniter.php(419): CodeIgniter\CodeIgniter->runController(Object(App\Controllers\Admins\AdminController))
#6 C:\xampp\htdocs\TFG-Shop\system\CodeIgniter.php(326): CodeIgniter\CodeIgniter->handleRequest(NULL, Object(Config\Cache), false)
#7 C:\xampp\htdocs\TFG-Shop\index.php(36): CodeIgniter\CodeIgniter->run()
#8 {main}
CRITICAL - 2022-04-21 15:42:19 --> Undefined variable $query
#0 C:\xampp\htdocs\TFG-Shop\app\Entities\Product.php(24): CodeIgniter\Debug\Exceptions->errorHandler(2, 'Undefined varia...', 'C:\\xampp\\htdocs...', 24)
#1 C:\xampp\htdocs\TFG-Shop\app\Controllers\Admins\AdminController.php(35): App\Entities\Product->getData()
#2 C:\xampp\htdocs\TFG-Shop\system\CodeIgniter.php(832): App\Controllers\Admins\AdminController->getElements(Object(App\Entities\Product))
#3 C:\xampp\htdocs\TFG-Shop\system\CodeIgniter.php(419): CodeIgniter\CodeIgniter->runController(Object(App\Controllers\Admins\AdminController))
#4 C:\xampp\htdocs\TFG-Shop\system\CodeIgniter.php(326): CodeIgniter\CodeIgniter->handleRequest(NULL, Object(Config\Cache), false)
#5 C:\xampp\htdocs\TFG-Shop\index.php(36): CodeIgniter\CodeIgniter->run()
#6 {main}
CRITICAL - 2022-04-21 15:48:32 --> Undefined property: stdClass::$title
#0 C:\xampp\htdocs\TFG-Shop\app\Entities\Product.php(29): CodeIgniter\Debug\Exceptions->errorHandler(2, 'Undefined prope...', 'C:\\xampp\\htdocs...', 29)
#1 C:\xampp\htdocs\TFG-Shop\app\Controllers\Admins\AdminController.php(35): App\Entities\Product->getData()
#2 C:\xampp\htdocs\TFG-Shop\system\CodeIgniter.php(832): App\Controllers\Admins\AdminController->getElements(Object(App\Entities\Product))
#3 C:\xampp\htdocs\TFG-Shop\system\CodeIgniter.php(419): CodeIgniter\CodeIgniter->runController(Object(App\Controllers\Admins\AdminController))
#4 C:\xampp\htdocs\TFG-Shop\system\CodeIgniter.php(326): CodeIgniter\CodeIgniter->handleRequest(NULL, Object(Config\Cache), false)
#5 C:\xampp\htdocs\TFG-Shop\index.php(36): CodeIgniter\CodeIgniter->run()
#6 {main}
CRITICAL - 2022-04-21 15:49:54 --> Undefined property: stdClass::$title
#0 C:\xampp\htdocs\TFG-Shop\app\Entities\Product.php(29): CodeIgniter\Debug\Exceptions->errorHandler(2, 'Undefined prope...', 'C:\\xampp\\htdocs...', 29)
#1 C:\xampp\htdocs\TFG-Shop\app\Controllers\Admins\AdminController.php(35): App\Entities\Product->getData()
#2 C:\xampp\htdocs\TFG-Shop\system\CodeIgniter.php(832): App\Controllers\Admins\AdminController->getElements(Object(App\Entities\Product))
#3 C:\xampp\htdocs\TFG-Shop\system\CodeIgniter.php(419): CodeIgniter\CodeIgniter->runController(Object(App\Controllers\Admins\AdminController))
#4 C:\xampp\htdocs\TFG-Shop\system\CodeIgniter.php(326): CodeIgniter\CodeIgniter->handleRequest(NULL, Object(Config\Cache), false)
#5 C:\xampp\htdocs\TFG-Shop\index.php(36): CodeIgniter\CodeIgniter->run()
#6 {main}
CRITICAL - 2022-04-21 15:50:13 --> Undefined property: stdClass::$title
#0 C:\xampp\htdocs\TFG-Shop\app\Entities\Product.php(27): CodeIgniter\Debug\Exceptions->errorHandler(2, 'Undefined prope...', 'C:\\xampp\\htdocs...', 27)
#1 C:\xampp\htdocs\TFG-Shop\app\Controllers\Admins\AdminController.php(35): App\Entities\Product->getData()
#2 C:\xampp\htdocs\TFG-Shop\system\CodeIgniter.php(832): App\Controllers\Admins\AdminController->getElements(Object(App\Entities\Product))
#3 C:\xampp\htdocs\TFG-Shop\system\CodeIgniter.php(419): CodeIgniter\CodeIgniter->runController(Object(App\Controllers\Admins\AdminController))
#4 C:\xampp\htdocs\TFG-Shop\system\CodeIgniter.php(326): CodeIgniter\CodeIgniter->handleRequest(NULL, Object(Config\Cache), false)
#5 C:\xampp\htdocs\TFG-Shop\index.php(36): CodeIgniter\CodeIgniter->run()
#6 {main}
CRITICAL - 2022-04-21 15:50:24 --> Undefined property: stdClass::$title
#0 C:\xampp\htdocs\TFG-Shop\app\Entities\Product.php(27): CodeIgniter\Debug\Exceptions->errorHandler(2, 'Undefined prope...', 'C:\\xampp\\htdocs...', 27)
#1 C:\xampp\htdocs\TFG-Shop\app\Controllers\Admins\AdminController.php(35): App\Entities\Product->getData()
#2 C:\xampp\htdocs\TFG-Shop\system\CodeIgniter.php(832): App\Controllers\Admins\AdminController->getElements(Object(App\Entities\Product))
#3 C:\xampp\htdocs\TFG-Shop\system\CodeIgniter.php(419): CodeIgniter\CodeIgniter->runController(Object(App\Controllers\Admins\AdminController))
#4 C:\xampp\htdocs\TFG-Shop\system\CodeIgniter.php(326): CodeIgniter\CodeIgniter->handleRequest(NULL, Object(Config\Cache), false)
#5 C:\xampp\htdocs\TFG-Shop\index.php(36): CodeIgniter\CodeIgniter->run()
#6 {main}
CRITICAL - 2022-04-21 15:50:41 --> Undefined property: stdClass::$title
#0 C:\xampp\htdocs\TFG-Shop\app\Entities\Product.php(27): CodeIgniter\Debug\Exceptions->errorHandler(2, 'Undefined prope...', 'C:\\xampp\\htdocs...', 27)
#1 C:\xampp\htdocs\TFG-Shop\app\Controllers\Admins\AdminController.php(35): App\Entities\Product->getData()
#2 C:\xampp\htdocs\TFG-Shop\system\CodeIgniter.php(832): App\Controllers\Admins\AdminController->getElements(Object(App\Entities\Product))
#3 C:\xampp\htdocs\TFG-Shop\system\CodeIgniter.php(419): CodeIgniter\CodeIgniter->runController(Object(App\Controllers\Admins\AdminController))
#4 C:\xampp\htdocs\TFG-Shop\system\CodeIgniter.php(326): CodeIgniter\CodeIgniter->handleRequest(NULL, Object(Config\Cache), false)
#5 C:\xampp\htdocs\TFG-Shop\index.php(36): CodeIgniter\CodeIgniter->run()
#6 {main}
CRITICAL - 2022-04-21 15:50:47 --> Undefined property: stdClass::$title
#0 C:\xampp\htdocs\TFG-Shop\app\Entities\Product.php(27): CodeIgniter\Debug\Exceptions->errorHandler(2, 'Undefined prope...', 'C:\\xampp\\htdocs...', 27)
#1 C:\xampp\htdocs\TFG-Shop\app\Controllers\Admins\AdminController.php(35): App\Entities\Product->getData()
#2 C:\xampp\htdocs\TFG-Shop\system\CodeIgniter.php(832): App\Controllers\Admins\AdminController->getElements(Object(App\Entities\Product))
#3 C:\xampp\htdocs\TFG-Shop\system\CodeIgniter.php(419): CodeIgniter\CodeIgniter->runController(Object(App\Controllers\Admins\AdminController))
#4 C:\xampp\htdocs\TFG-Shop\system\CodeIgniter.php(326): CodeIgniter\CodeIgniter->handleRequest(NULL, Object(Config\Cache), false)
#5 C:\xampp\htdocs\TFG-Shop\index.php(36): CodeIgniter\CodeIgniter->run()
#6 {main}
CRITICAL - 2022-04-21 15:50:55 --> Undefined property: stdClass::$title
#0 C:\xampp\htdocs\TFG-Shop\app\Entities\Product.php(28): CodeIgniter\Debug\Exceptions->errorHandler(2, 'Undefined prope...', 'C:\\xampp\\htdocs...', 28)
#1 C:\xampp\htdocs\TFG-Shop\app\Controllers\Admins\AdminController.php(35): App\Entities\Product->getData()
#2 C:\xampp\htdocs\TFG-Shop\system\CodeIgniter.php(832): App\Controllers\Admins\AdminController->getElements(Object(App\Entities\Product))
#3 C:\xampp\htdocs\TFG-Shop\system\CodeIgniter.php(419): CodeIgniter\CodeIgniter->runController(Object(App\Controllers\Admins\AdminController))
#4 C:\xampp\htdocs\TFG-Shop\system\CodeIgniter.php(326): CodeIgniter\CodeIgniter->handleRequest(NULL, Object(Config\Cache), false)
#5 C:\xampp\htdocs\TFG-Shop\index.php(36): CodeIgniter\CodeIgniter->run()
#6 {main}
CRITICAL - 2022-04-21 15:51:08 --> Undefined property: stdClass::$title
#0 C:\xampp\htdocs\TFG-Shop\app\Entities\Product.php(29): CodeIgniter\Debug\Exceptions->errorHandler(2, 'Undefined prope...', 'C:\\xampp\\htdocs...', 29)
#1 C:\xampp\htdocs\TFG-Shop\app\Controllers\Admins\AdminController.php(35): App\Entities\Product->getData()
#2 C:\xampp\htdocs\TFG-Shop\system\CodeIgniter.php(832): App\Controllers\Admins\AdminController->getElements(Object(App\Entities\Product))
#3 C:\xampp\htdocs\TFG-Shop\system\CodeIgniter.php(419): CodeIgniter\CodeIgniter->runController(Object(App\Controllers\Admins\AdminController))
#4 C:\xampp\htdocs\TFG-Shop\system\CodeIgniter.php(326): CodeIgniter\CodeIgniter->handleRequest(NULL, Object(Config\Cache), false)
#5 C:\xampp\htdocs\TFG-Shop\index.php(36): CodeIgniter\CodeIgniter->run()
#6 {main}
CRITICAL - 2022-04-21 16:19:26 --> Undefined variable $data
#0 C:\xampp\htdocs\TFG-Shop\app\Controllers\Admins\AdminController.php(27): CodeIgniter\Debug\Exceptions->errorHandler(2, 'Undefined varia...', 'C:\\xampp\\htdocs...', 27)
#1 C:\xampp\htdocs\TFG-Shop\system\CodeIgniter.php(832): App\Controllers\Admins\AdminController->loadView('productEdit')
#2 C:\xampp\htdocs\TFG-Shop\system\CodeIgniter.php(419): CodeIgniter\CodeIgniter->runController(Object(App\Controllers\Admins\AdminController))
#3 C:\xampp\htdocs\TFG-Shop\system\CodeIgniter.php(326): CodeIgniter\CodeIgniter->handleRequest(NULL, Object(Config\Cache), false)
#4 C:\xampp\htdocs\TFG-Shop\index.php(36): CodeIgniter\CodeIgniter->run()
#5 {main}
CRITICAL - 2022-04-21 16:30:20 --> Undefined variable $idNewProduct
#0 C:\xampp\htdocs\TFG-Shop\app\Entities\Product.php(119): CodeIgniter\Debug\Exceptions->errorHandler(2, 'Undefined varia...', 'C:\\xampp\\htdocs...', 119)
#1 C:\xampp\htdocs\TFG-Shop\app\Controllers\Admins\AdminController.php(68): App\Entities\Product->updateData('undefined', Array)
#2 C:\xampp\htdocs\TFG-Shop\system\CodeIgniter.php(832): App\Controllers\Admins\AdminController->updateElement(Object(App\Entities\Product), 'undefined')
#3 C:\xampp\htdocs\TFG-Shop\system\CodeIgniter.php(419): CodeIgniter\CodeIgniter->runController(Object(App\Controllers\Admins\AdminController))
#4 C:\xampp\htdocs\TFG-Shop\system\CodeIgniter.php(326): CodeIgniter\CodeIgniter->handleRequest(NULL, Object(Config\Cache), false)
#5 C:\xampp\htdocs\TFG-Shop\index.php(36): CodeIgniter\CodeIgniter->run()
#6 {main}
CRITICAL - 2022-04-21 16:32:13 --> Undefined variable $idNewProduct
#0 C:\xampp\htdocs\TFG-Shop\app\Entities\Product.php(119): CodeIgniter\Debug\Exceptions->errorHandler(2, 'Undefined varia...', 'C:\\xampp\\htdocs...', 119)
#1 C:\xampp\htdocs\TFG-Shop\app\Controllers\Admins\AdminController.php(68): App\Entities\Product->updateData('undefined', Array)
#2 C:\xampp\htdocs\TFG-Shop\system\CodeIgniter.php(832): App\Controllers\Admins\AdminController->updateElement(Object(App\Entities\Product), 'undefined')
#3 C:\xampp\htdocs\TFG-Shop\system\CodeIgniter.php(419): CodeIgniter\CodeIgniter->runController(Object(App\Controllers\Admins\AdminController))
#4 C:\xampp\htdocs\TFG-Shop\system\CodeIgniter.php(326): CodeIgniter\CodeIgniter->handleRequest(NULL, Object(Config\Cache), false)
#5 C:\xampp\htdocs\TFG-Shop\index.php(36): CodeIgniter\CodeIgniter->run()
#6 {main}
CRITICAL - 2022-04-21 16:35:17 --> Undefined variable $idNewProduct
#0 C:\xampp\htdocs\TFG-Shop\app\Entities\Product.php(120): CodeIgniter\Debug\Exceptions->errorHandler(2, 'Undefined varia...', 'C:\\xampp\\htdocs...', 120)
#1 C:\xampp\htdocs\TFG-Shop\app\Controllers\Admins\AdminController.php(68): App\Entities\Product->updateData('Ejemplo COn img', Array)
#2 C:\xampp\htdocs\TFG-Shop\system\CodeIgniter.php(832): App\Controllers\Admins\AdminController->updateElement(Object(App\Entities\Product), 'Ejemplo COn img')
#3 C:\xampp\htdocs\TFG-Shop\system\CodeIgniter.php(419): CodeIgniter\CodeIgniter->runController(Object(App\Controllers\Admins\AdminController))
#4 C:\xampp\htdocs\TFG-Shop\system\CodeIgniter.php(326): CodeIgniter\CodeIgniter->handleRequest(NULL, Object(Config\Cache), false)
#5 C:\xampp\htdocs\TFG-Shop\index.php(36): CodeIgniter\CodeIgniter->run()
#6 {main}
CRITICAL - 2022-04-21 16:35:36 --> Undefined variable $idNewProduct
#0 C:\xampp\htdocs\TFG-Shop\app\Entities\Product.php(120): CodeIgniter\Debug\Exceptions->errorHandler(2, 'Undefined varia...', 'C:\\xampp\\htdocs...', 120)
#1 C:\xampp\htdocs\TFG-Shop\app\Controllers\Admins\AdminController.php(68): App\Entities\Product->updateData('46', Array)
#2 C:\xampp\htdocs\TFG-Shop\system\CodeIgniter.php(832): App\Controllers\Admins\AdminController->updateElement(Object(App\Entities\Product), '46')
#3 C:\xampp\htdocs\TFG-Shop\system\CodeIgniter.php(419): CodeIgniter\CodeIgniter->runController(Object(App\Controllers\Admins\AdminController))
#4 C:\xampp\htdocs\TFG-Shop\system\CodeIgniter.php(326): CodeIgniter\CodeIgniter->handleRequest(NULL, Object(Config\Cache), false)
#5 C:\xampp\htdocs\TFG-Shop\index.php(36): CodeIgniter\CodeIgniter->run()
#6 {main}
CRITICAL - 2022-04-21 16:38:19 --> Undefined variable $idNewProduct
#0 C:\xampp\htdocs\TFG-Shop\app\Entities\Product.php(120): CodeIgniter\Debug\Exceptions->errorHandler(2, 'Undefined varia...', 'C:\\xampp\\htdocs...', 120)
#1 C:\xampp\htdocs\TFG-Shop\app\Controllers\Admins\AdminController.php(68): App\Entities\Product->updateData('46', Array)
#2 C:\xampp\htdocs\TFG-Shop\system\CodeIgniter.php(832): App\Controllers\Admins\AdminController->updateElement(Object(App\Entities\Product), '46')
#3 C:\xampp\htdocs\TFG-Shop\system\CodeIgniter.php(419): CodeIgniter\CodeIgniter->runController(Object(App\Controllers\Admins\AdminController))
#4 C:\xampp\htdocs\TFG-Shop\system\CodeIgniter.php(326): CodeIgniter\CodeIgniter->handleRequest(NULL, Object(Config\Cache), false)
#5 C:\xampp\htdocs\TFG-Shop\index.php(36): CodeIgniter\CodeIgniter->run()
#6 {main}
CRITICAL - 2022-04-21 16:39:12 --> Undefined variable $idNewProduct
#0 C:\xampp\htdocs\TFG-Shop\app\Entities\Product.php(121): CodeIgniter\Debug\Exceptions->errorHandler(2, 'Undefined varia...', 'C:\\xampp\\htdocs...', 121)
#1 C:\xampp\htdocs\TFG-Shop\app\Controllers\Admins\AdminController.php(68): App\Entities\Product->updateData('46', Array)
#2 C:\xampp\htdocs\TFG-Shop\system\CodeIgniter.php(832): App\Controllers\Admins\AdminController->updateElement(Object(App\Entities\Product), '46')
#3 C:\xampp\htdocs\TFG-Shop\system\CodeIgniter.php(419): CodeIgniter\CodeIgniter->runController(Object(App\Controllers\Admins\AdminController))
#4 C:\xampp\htdocs\TFG-Shop\system\CodeIgniter.php(326): CodeIgniter\CodeIgniter->handleRequest(NULL, Object(Config\Cache), false)
#5 C:\xampp\htdocs\TFG-Shop\index.php(36): CodeIgniter\CodeIgniter->run()
#6 {main}
CRITICAL - 2022-04-21 16:39:41 --> Undefined variable $idNewProduct
#0 C:\xampp\htdocs\TFG-Shop\app\Entities\Product.php(122): CodeIgniter\Debug\Exceptions->errorHandler(2, 'Undefined varia...', 'C:\\xampp\\htdocs...', 122)
#1 C:\xampp\htdocs\TFG-Shop\app\Controllers\Admins\AdminController.php(68): App\Entities\Product->updateData('46', Array)
#2 C:\xampp\htdocs\TFG-Shop\system\CodeIgniter.php(832): App\Controllers\Admins\AdminController->updateElement(Object(App\Entities\Product), '46')
#3 C:\xampp\htdocs\TFG-Shop\system\CodeIgniter.php(419): CodeIgniter\CodeIgniter->runController(Object(App\Controllers\Admins\AdminController))
#4 C:\xampp\htdocs\TFG-Shop\system\CodeIgniter.php(326): CodeIgniter\CodeIgniter->handleRequest(NULL, Object(Config\Cache), false)
#5 C:\xampp\htdocs\TFG-Shop\index.php(36): CodeIgniter\CodeIgniter->run()
#6 {main}
CRITICAL - 2022-04-21 16:40:05 --> Undefined variable $idNewProduct
#0 C:\xampp\htdocs\TFG-Shop\app\Entities\Product.php(122): CodeIgniter\Debug\Exceptions->errorHandler(2, 'Undefined varia...', 'C:\\xampp\\htdocs...', 122)
#1 C:\xampp\htdocs\TFG-Shop\app\Controllers\Admins\AdminController.php(68): App\Entities\Product->updateData('46', Array)
#2 C:\xampp\htdocs\TFG-Shop\system\CodeIgniter.php(832): App\Controllers\Admins\AdminController->updateElement(Object(App\Entities\Product), '46')
#3 C:\xampp\htdocs\TFG-Shop\system\CodeIgniter.php(419): CodeIgniter\CodeIgniter->runController(Object(App\Controllers\Admins\AdminController))
#4 C:\xampp\htdocs\TFG-Shop\system\CodeIgniter.php(326): CodeIgniter\CodeIgniter->handleRequest(NULL, Object(Config\Cache), false)
#5 C:\xampp\htdocs\TFG-Shop\index.php(36): CodeIgniter\CodeIgniter->run()
#6 {main}
CRITICAL - 2022-04-21 16:40:13 --> Undefined variable $idNewProduct
#0 C:\xampp\htdocs\TFG-Shop\app\Entities\Product.php(123): CodeIgniter\Debug\Exceptions->errorHandler(2, 'Undefined varia...', 'C:\\xampp\\htdocs...', 123)
#1 C:\xampp\htdocs\TFG-Shop\app\Controllers\Admins\AdminController.php(68): App\Entities\Product->updateData('46', Array)
#2 C:\xampp\htdocs\TFG-Shop\system\CodeIgniter.php(832): App\Controllers\Admins\AdminController->updateElement(Object(App\Entities\Product), '46')
#3 C:\xampp\htdocs\TFG-Shop\system\CodeIgniter.php(419): CodeIgniter\CodeIgniter->runController(Object(App\Controllers\Admins\AdminController))
#4 C:\xampp\htdocs\TFG-Shop\system\CodeIgniter.php(326): CodeIgniter\CodeIgniter->handleRequest(NULL, Object(Config\Cache), false)
#5 C:\xampp\htdocs\TFG-Shop\index.php(36): CodeIgniter\CodeIgniter->run()
#6 {main}
CRITICAL - 2022-04-21 16:40:23 --> Undefined variable $idNewProduct
#0 C:\xampp\htdocs\TFG-Shop\app\Entities\Product.php(122): CodeIgniter\Debug\Exceptions->errorHandler(2, 'Undefined varia...', 'C:\\xampp\\htdocs...', 122)
#1 C:\xampp\htdocs\TFG-Shop\app\Controllers\Admins\AdminController.php(68): App\Entities\Product->updateData('46', Array)
#2 C:\xampp\htdocs\TFG-Shop\system\CodeIgniter.php(832): App\Controllers\Admins\AdminController->updateElement(Object(App\Entities\Product), '46')
#3 C:\xampp\htdocs\TFG-Shop\system\CodeIgniter.php(419): CodeIgniter\CodeIgniter->runController(Object(App\Controllers\Admins\AdminController))
#4 C:\xampp\htdocs\TFG-Shop\system\CodeIgniter.php(326): CodeIgniter\CodeIgniter->handleRequest(NULL, Object(Config\Cache), false)
#5 C:\xampp\htdocs\TFG-Shop\index.php(36): CodeIgniter\CodeIgniter->run()
#6 {main}
CRITICAL - 2022-04-21 16:40:41 --> The original file is not a valid file.
#0 C:\xampp\htdocs\TFG-Shop\system\HTTP\Files\UploadedFile.php(137): CodeIgniter\HTTP\Exceptions\HTTPException::forInvalidFile()
#1 C:\xampp\htdocs\TFG-Shop\app\Entities\Product.php(98): CodeIgniter\HTTP\Files\UploadedFile->move('C:\\xampp\\htdocs...', '1650577241_4570...')
#2 C:\xampp\htdocs\TFG-Shop\app\Controllers\Admins\AdminController.php(68): App\Entities\Product->updateData('46', Array)
#3 C:\xampp\htdocs\TFG-Shop\system\CodeIgniter.php(832): App\Controllers\Admins\AdminController->updateElement(Object(App\Entities\Product), '46')
#4 C:\xampp\htdocs\TFG-Shop\system\CodeIgniter.php(419): CodeIgniter\CodeIgniter->runController(Object(App\Controllers\Admins\AdminController))
#5 C:\xampp\htdocs\TFG-Shop\system\CodeIgniter.php(326): CodeIgniter\CodeIgniter->handleRequest(NULL, Object(Config\Cache), false)
#6 C:\xampp\htdocs\TFG-Shop\index.php(36): CodeIgniter\CodeIgniter->run()
#7 {main}
CRITICAL - 2022-04-21 16:40:52 --> The original file is not a valid file.
#0 C:\xampp\htdocs\TFG-Shop\system\HTTP\Files\UploadedFile.php(137): CodeIgniter\HTTP\Exceptions\HTTPException::forInvalidFile()
#1 C:\xampp\htdocs\TFG-Shop\app\Entities\Product.php(99): CodeIgniter\HTTP\Files\UploadedFile->move('C:\\xampp\\htdocs...', '1650577252_2c75...')
#2 C:\xampp\htdocs\TFG-Shop\app\Controllers\Admins\AdminController.php(68): App\Entities\Product->updateData('46', Array)
#3 C:\xampp\htdocs\TFG-Shop\system\CodeIgniter.php(832): App\Controllers\Admins\AdminController->updateElement(Object(App\Entities\Product), '46')
#4 C:\xampp\htdocs\TFG-Shop\system\CodeIgniter.php(419): CodeIgniter\CodeIgniter->runController(Object(App\Controllers\Admins\AdminController))
#5 C:\xampp\htdocs\TFG-Shop\system\CodeIgniter.php(326): CodeIgniter\CodeIgniter->handleRequest(NULL, Object(Config\Cache), false)
#6 C:\xampp\htdocs\TFG-Shop\index.php(36): CodeIgniter\CodeIgniter->run()
#7 {main}
CRITICAL - 2022-04-21 16:41:11 --> The original file is not a valid file.
#0 C:\xampp\htdocs\TFG-Shop\system\HTTP\Files\UploadedFile.php(137): CodeIgniter\HTTP\Exceptions\HTTPException::forInvalidFile()
#1 C:\xampp\htdocs\TFG-Shop\app\Entities\Product.php(99): CodeIgniter\HTTP\Files\UploadedFile->move('C:\\xampp\\htdocs...', '1650577271_7470...')
#2 C:\xampp\htdocs\TFG-Shop\app\Controllers\Admins\AdminController.php(68): App\Entities\Product->updateData('46', Array)
#3 C:\xampp\htdocs\TFG-Shop\system\CodeIgniter.php(832): App\Controllers\Admins\AdminController->updateElement(Object(App\Entities\Product), '46')
#4 C:\xampp\htdocs\TFG-Shop\system\CodeIgniter.php(419): CodeIgniter\CodeIgniter->runController(Object(App\Controllers\Admins\AdminController))
#5 C:\xampp\htdocs\TFG-Shop\system\CodeIgniter.php(326): CodeIgniter\CodeIgniter->handleRequest(NULL, Object(Config\Cache), false)
#6 C:\xampp\htdocs\TFG-Shop\index.php(36): CodeIgniter\CodeIgniter->run()
#7 {main}
CRITICAL - 2022-04-21 16:41:21 --> The original file is not a valid file.
#0 C:\xampp\htdocs\TFG-Shop\system\HTTP\Files\UploadedFile.php(137): CodeIgniter\HTTP\Exceptions\HTTPException::forInvalidFile()
#1 C:\xampp\htdocs\TFG-Shop\app\Entities\Product.php(99): CodeIgniter\HTTP\Files\UploadedFile->move('C:\\xampp\\htdocs...', '1650577281_9591...')
#2 C:\xampp\htdocs\TFG-Shop\app\Controllers\Admins\AdminController.php(68): App\Entities\Product->updateData('46', Array)
#3 C:\xampp\htdocs\TFG-Shop\system\CodeIgniter.php(832): App\Controllers\Admins\AdminController->updateElement(Object(App\Entities\Product), '46')
#4 C:\xampp\htdocs\TFG-Shop\system\CodeIgniter.php(419): CodeIgniter\CodeIgniter->runController(Object(App\Controllers\Admins\AdminController))
#5 C:\xampp\htdocs\TFG-Shop\system\CodeIgniter.php(326): CodeIgniter\CodeIgniter->handleRequest(NULL, Object(Config\Cache), false)
#6 C:\xampp\htdocs\TFG-Shop\index.php(36): CodeIgniter\CodeIgniter->run()
#7 {main}
CRITICAL - 2022-04-21 16:41:36 --> The original file is not a valid file.
#0 C:\xampp\htdocs\TFG-Shop\system\HTTP\Files\UploadedFile.php(137): CodeIgniter\HTTP\Exceptions\HTTPException::forInvalidFile()
#1 C:\xampp\htdocs\TFG-Shop\app\Entities\Product.php(100): CodeIgniter\HTTP\Files\UploadedFile->move('C:\\xampp\\htdocs...', '1650577296_f705...')
#2 C:\xampp\htdocs\TFG-Shop\app\Controllers\Admins\AdminController.php(68): App\Entities\Product->updateData('46', Array)
#3 C:\xampp\htdocs\TFG-Shop\system\CodeIgniter.php(832): App\Controllers\Admins\AdminController->updateElement(Object(App\Entities\Product), '46')
#4 C:\xampp\htdocs\TFG-Shop\system\CodeIgniter.php(419): CodeIgniter\CodeIgniter->runController(Object(App\Controllers\Admins\AdminController))
#5 C:\xampp\htdocs\TFG-Shop\system\CodeIgniter.php(326): CodeIgniter\CodeIgniter->handleRequest(NULL, Object(Config\Cache), false)
#6 C:\xampp\htdocs\TFG-Shop\index.php(36): CodeIgniter\CodeIgniter->run()
#7 {main}
CRITICAL - 2022-04-21 16:41:40 --> The original file is not a valid file.
#0 C:\xampp\htdocs\TFG-Shop\system\HTTP\Files\UploadedFile.php(137): CodeIgniter\HTTP\Exceptions\HTTPException::forInvalidFile()
#1 C:\xampp\htdocs\TFG-Shop\app\Entities\Product.php(100): CodeIgniter\HTTP\Files\UploadedFile->move('C:\\xampp\\htdocs...', '1650577300_0809...')
#2 C:\xampp\htdocs\TFG-Shop\app\Controllers\Admins\AdminController.php(68): App\Entities\Product->updateData('46', Array)
#3 C:\xampp\htdocs\TFG-Shop\system\CodeIgniter.php(832): App\Controllers\Admins\AdminController->updateElement(Object(App\Entities\Product), '46')
#4 C:\xampp\htdocs\TFG-Shop\system\CodeIgniter.php(419): CodeIgniter\CodeIgniter->runController(Object(App\Controllers\Admins\AdminController))
#5 C:\xampp\htdocs\TFG-Shop\system\CodeIgniter.php(326): CodeIgniter\CodeIgniter->handleRequest(NULL, Object(Config\Cache), false)
#6 C:\xampp\htdocs\TFG-Shop\index.php(36): CodeIgniter\CodeIgniter->run()
#7 {main}
CRITICAL - 2022-04-21 16:42:24 --> The original file is not a valid file.
#0 C:\xampp\htdocs\TFG-Shop\system\HTTP\Files\UploadedFile.php(137): CodeIgniter\HTTP\Exceptions\HTTPException::forInvalidFile()
#1 C:\xampp\htdocs\TFG-Shop\app\Entities\Product.php(100): CodeIgniter\HTTP\Files\UploadedFile->move('C:\\xampp\\htdocs...', '1650577344_e78a...')
#2 C:\xampp\htdocs\TFG-Shop\app\Controllers\Admins\AdminController.php(68): App\Entities\Product->updateData('46', Array)
#3 C:\xampp\htdocs\TFG-Shop\system\CodeIgniter.php(832): App\Controllers\Admins\AdminController->updateElement(Object(App\Entities\Product), '46')
#4 C:\xampp\htdocs\TFG-Shop\system\CodeIgniter.php(419): CodeIgniter\CodeIgniter->runController(Object(App\Controllers\Admins\AdminController))
#5 C:\xampp\htdocs\TFG-Shop\system\CodeIgniter.php(326): CodeIgniter\CodeIgniter->handleRequest(NULL, Object(Config\Cache), false)
#6 C:\xampp\htdocs\TFG-Shop\index.php(36): CodeIgniter\CodeIgniter->run()
#7 {main}
CRITICAL - 2022-04-21 16:42:50 --> The original file is not a valid file.
#0 C:\xampp\htdocs\TFG-Shop\system\HTTP\Files\UploadedFile.php(137): CodeIgniter\HTTP\Exceptions\HTTPException::forInvalidFile()
#1 C:\xampp\htdocs\TFG-Shop\app\Entities\Product.php(100): CodeIgniter\HTTP\Files\UploadedFile->move('C:\\xampp\\htdocs...', '1650577370_170f...')
#2 C:\xampp\htdocs\TFG-Shop\app\Controllers\Admins\AdminController.php(68): App\Entities\Product->updateData('46', Array)
#3 C:\xampp\htdocs\TFG-Shop\system\CodeIgniter.php(832): App\Controllers\Admins\AdminController->updateElement(Object(App\Entities\Product), '46')
#4 C:\xampp\htdocs\TFG-Shop\system\CodeIgniter.php(419): CodeIgniter\CodeIgniter->runController(Object(App\Controllers\Admins\AdminController))
#5 C:\xampp\htdocs\TFG-Shop\system\CodeIgniter.php(326): CodeIgniter\CodeIgniter->handleRequest(NULL, Object(Config\Cache), false)
#6 C:\xampp\htdocs\TFG-Shop\index.php(36): CodeIgniter\CodeIgniter->run()
#7 {main}
CRITICAL - 2022-04-21 16:43:03 --> Undefined property: CodeIgniter\HTTP\Files\UploadedFile::$getName
#0 C:\xampp\htdocs\TFG-Shop\app\Entities\Product.php(99): CodeIgniter\Debug\Exceptions->errorHandler(2, 'Undefined prope...', 'C:\\xampp\\htdocs...', 99)
#1 C:\xampp\htdocs\TFG-Shop\app\Controllers\Admins\AdminController.php(68): App\Entities\Product->updateData('46', Array)
#2 C:\xampp\htdocs\TFG-Shop\system\CodeIgniter.php(832): App\Controllers\Admins\AdminController->updateElement(Object(App\Entities\Product), '46')
#3 C:\xampp\htdocs\TFG-Shop\system\CodeIgniter.php(419): CodeIgniter\CodeIgniter->runController(Object(App\Controllers\Admins\AdminController))
#4 C:\xampp\htdocs\TFG-Shop\system\CodeIgniter.php(326): CodeIgniter\CodeIgniter->handleRequest(NULL, Object(Config\Cache), false)
#5 C:\xampp\htdocs\TFG-Shop\index.php(36): CodeIgniter\CodeIgniter->run()
#6 {main}
CRITICAL - 2022-04-21 16:43:07 --> The original file is not a valid file.
#0 C:\xampp\htdocs\TFG-Shop\system\HTTP\Files\UploadedFile.php(137): CodeIgniter\HTTP\Exceptions\HTTPException::forInvalidFile()
#1 C:\xampp\htdocs\TFG-Shop\app\Entities\Product.php(100): CodeIgniter\HTTP\Files\UploadedFile->move('C:\\xampp\\htdocs...', '1650577387_fb7a...')
#2 C:\xampp\htdocs\TFG-Shop\app\Controllers\Admins\AdminController.php(68): App\Entities\Product->updateData('46', Array)
#3 C:\xampp\htdocs\TFG-Shop\system\CodeIgniter.php(832): App\Controllers\Admins\AdminController->updateElement(Object(App\Entities\Product), '46')
#4 C:\xampp\htdocs\TFG-Shop\system\CodeIgniter.php(419): CodeIgniter\CodeIgniter->runController(Object(App\Controllers\Admins\AdminController))
#5 C:\xampp\htdocs\TFG-Shop\system\CodeIgniter.php(326): CodeIgniter\CodeIgniter->handleRequest(NULL, Object(Config\Cache), false)
#6 C:\xampp\htdocs\TFG-Shop\index.php(36): CodeIgniter\CodeIgniter->run()
#7 {main}
CRITICAL - 2022-04-21 16:43:40 --> Undefined variable $idNewProduct
#0 C:\xampp\htdocs\TFG-Shop\app\Entities\Product.php(114): CodeIgniter\Debug\Exceptions->errorHandler(2, 'Undefined varia...', 'C:\\xampp\\htdocs...', 114)
#1 C:\xampp\htdocs\TFG-Shop\app\Controllers\Admins\AdminController.php(68): App\Entities\Product->updateData('46', Array)
#2 C:\xampp\htdocs\TFG-Shop\system\CodeIgniter.php(832): App\Controllers\Admins\AdminController->updateElement(Object(App\Entities\Product), '46')
#3 C:\xampp\htdocs\TFG-Shop\system\CodeIgniter.php(419): CodeIgniter\CodeIgniter->runController(Object(App\Controllers\Admins\AdminController))
#4 C:\xampp\htdocs\TFG-Shop\system\CodeIgniter.php(326): CodeIgniter\CodeIgniter->handleRequest(NULL, Object(Config\Cache), false)
#5 C:\xampp\htdocs\TFG-Shop\index.php(36): CodeIgniter\CodeIgniter->run()
#6 {main}
ERROR - 2022-04-21 16:44:33 --> Cannot add or update a child row: a foreign key constraint fails (`shop`.`images_products`, CONSTRAINT `images_products_ibfk_3` FOREIGN KEY (`id_product`) REFERENCES `products` (`id`) ON DELETE CASCADE ON UPDATE CASCADE)
CRITICAL - 2022-04-21 16:44:33 --> Cannot add or update a child row: a foreign key constraint fails (`shop`.`images_products`, CONSTRAINT `images_products_ibfk_3` FOREIGN KEY (`id_product`) REFERENCES `products` (`id`) ON DELETE CASCADE ON UPDATE CASCADE)
#0 C:\xampp\htdocs\TFG-Shop\system\Database\MySQLi\Connection.php(292): mysqli->query('INSERT INTO `im...', 0)
#1 C:\xampp\htdocs\TFG-Shop\system\Database\BaseConnection.php(670): CodeIgniter\Database\MySQLi\Connection->execute('INSERT INTO `im...')
#2 C:\xampp\htdocs\TFG-Shop\system\Database\BaseConnection.php(598): CodeIgniter\Database\BaseConnection->simpleQuery('INSERT INTO `im...')
#3 C:\xampp\htdocs\TFG-Shop\system\Database\BaseBuilder.php(1771): CodeIgniter\Database\BaseConnection->query('INSERT INTO `im...', Array, false)
#4 C:\xampp\htdocs\TFG-Shop\system\Model.php(239): CodeIgniter\Database\BaseBuilder->insert()
#5 C:\xampp\htdocs\TFG-Shop\system\BaseModel.php(738): CodeIgniter\Model->doInsert(Array)
#6 C:\xampp\htdocs\TFG-Shop\system\Model.php(625): CodeIgniter\BaseModel->insert(Array, true)
#7 C:\xampp\htdocs\TFG-Shop\app\Entities\Product.php(113): CodeIgniter\Model->insert(Array)
#8 C:\xampp\htdocs\TFG-Shop\app\Controllers\Admins\AdminController.php(68): App\Entities\Product->updateData('46', Array)
#9 C:\xampp\htdocs\TFG-Shop\system\CodeIgniter.php(832): App\Controllers\Admins\AdminController->updateElement(Object(App\Entities\Product), '46')
#10 C:\xampp\htdocs\TFG-Shop\system\CodeIgniter.php(419): CodeIgniter\CodeIgniter->runController(Object(App\Controllers\Admins\AdminController))
#11 C:\xampp\htdocs\TFG-Shop\system\CodeIgniter.php(326): CodeIgniter\CodeIgniter->handleRequest(NULL, Object(Config\Cache), false)
#12 C:\xampp\htdocs\TFG-Shop\index.php(36): CodeIgniter\CodeIgniter->run()
#13 {main}
CRITICAL - 2022-04-21 16:46:33 --> The original file is not a valid file.
#0 C:\xampp\htdocs\TFG-Shop\system\HTTP\Files\UploadedFile.php(137): CodeIgniter\HTTP\Exceptions\HTTPException::forInvalidFile()
#1 C:\xampp\htdocs\TFG-Shop\app\Entities\Product.php(99): CodeIgniter\HTTP\Files\UploadedFile->move('C:\\xampp\\htdocs...', '1650577593_f749...')
#2 C:\xampp\htdocs\TFG-Shop\app\Controllers\Admins\AdminController.php(68): App\Entities\Product->updateData('46', Array)
#3 C:\xampp\htdocs\TFG-Shop\system\CodeIgniter.php(832): App\Controllers\Admins\AdminController->updateElement(Object(App\Entities\Product), '46')
#4 C:\xampp\htdocs\TFG-Shop\system\CodeIgniter.php(419): CodeIgniter\CodeIgniter->runController(Object(App\Controllers\Admins\AdminController))
#5 C:\xampp\htdocs\TFG-Shop\system\CodeIgniter.php(326): CodeIgniter\CodeIgniter->handleRequest(NULL, Object(Config\Cache), false)
#6 C:\xampp\htdocs\TFG-Shop\index.php(36): CodeIgniter\CodeIgniter->run()
#7 {main}
CRITICAL - 2022-04-21 16:51:06 --> Undefined array key "userfile"
#0 C:\xampp\htdocs\TFG-Shop\app\Entities\Product.php(95): CodeIgniter\Debug\Exceptions->errorHandler(2, 'Undefined array...', 'C:\\xampp\\htdocs...', 95)
#1 C:\xampp\htdocs\TFG-Shop\app\Controllers\Admins\AdminController.php(68): App\Entities\Product->updateData('46', Array)
#2 C:\xampp\htdocs\TFG-Shop\system\CodeIgniter.php(832): App\Controllers\Admins\AdminController->updateElement(Object(App\Entities\Product), '46')
#3 C:\xampp\htdocs\TFG-Shop\system\CodeIgniter.php(419): CodeIgniter\CodeIgniter->runController(Object(App\Controllers\Admins\AdminController))
#4 C:\xampp\htdocs\TFG-Shop\system\CodeIgniter.php(326): CodeIgniter\CodeIgniter->handleRequest(NULL, Object(Config\Cache), false)
#5 C:\xampp\htdocs\TFG-Shop\index.php(36): CodeIgniter\CodeIgniter->run()
#6 {main}
CRITICAL - 2022-04-21 16:51:19 --> Undefined array key "userfile"
#0 C:\xampp\htdocs\TFG-Shop\app\Entities\Product.php(95): CodeIgniter\Debug\Exceptions->errorHandler(2, 'Undefined array...', 'C:\\xampp\\htdocs...', 95)
#1 C:\xampp\htdocs\TFG-Shop\app\Controllers\Admins\AdminController.php(68): App\Entities\Product->updateData('46', Array)
#2 C:\xampp\htdocs\TFG-Shop\system\CodeIgniter.php(832): App\Controllers\Admins\AdminController->updateElement(Object(App\Entities\Product), '46')
#3 C:\xampp\htdocs\TFG-Shop\system\CodeIgniter.php(419): CodeIgniter\CodeIgniter->runController(Object(App\Controllers\Admins\AdminController))
#4 C:\xampp\htdocs\TFG-Shop\system\CodeIgniter.php(326): CodeIgniter\CodeIgniter->handleRequest(NULL, Object(Config\Cache), false)
#5 C:\xampp\htdocs\TFG-Shop\index.php(36): CodeIgniter\CodeIgniter->run()
#6 {main}
CRITICAL - 2022-04-21 16:51:54 --> The original file is not a valid file.
#0 C:\xampp\htdocs\TFG-Shop\system\HTTP\Files\UploadedFile.php(137): CodeIgniter\HTTP\Exceptions\HTTPException::forInvalidFile()
#1 C:\xampp\htdocs\TFG-Shop\app\Entities\Product.php(100): CodeIgniter\HTTP\Files\UploadedFile->move('C:\\xampp\\htdocs...', '1650577914_7787...')
#2 C:\xampp\htdocs\TFG-Shop\app\Controllers\Admins\AdminController.php(68): App\Entities\Product->updateData('46', Array)
#3 C:\xampp\htdocs\TFG-Shop\system\CodeIgniter.php(832): App\Controllers\Admins\AdminController->updateElement(Object(App\Entities\Product), '46')
#4 C:\xampp\htdocs\TFG-Shop\system\CodeIgniter.php(419): CodeIgniter\CodeIgniter->runController(Object(App\Controllers\Admins\AdminController))
#5 C:\xampp\htdocs\TFG-Shop\system\CodeIgniter.php(326): CodeIgniter\CodeIgniter->handleRequest(NULL, Object(Config\Cache), false)
#6 C:\xampp\htdocs\TFG-Shop\index.php(36): CodeIgniter\CodeIgniter->run()
#7 {main}
ERROR - 2022-04-21 16:52:22 --> Cannot add or update a child row: a foreign key constraint fails (`shop`.`images_products`, CONSTRAINT `images_products_ibfk_3` FOREIGN KEY (`id_product`) REFERENCES `products` (`id`) ON DELETE CASCADE ON UPDATE CASCADE)
CRITICAL - 2022-04-21 16:52:22 --> Cannot add or update a child row: a foreign key constraint fails (`shop`.`images_products`, CONSTRAINT `images_products_ibfk_3` FOREIGN KEY (`id_product`) REFERENCES `products` (`id`) ON DELETE CASCADE ON UPDATE CASCADE)
#0 C:\xampp\htdocs\TFG-Shop\system\Database\MySQLi\Connection.php(292): mysqli->query('INSERT INTO `im...', 0)
#1 C:\xampp\htdocs\TFG-Shop\system\Database\BaseConnection.php(670): CodeIgniter\Database\MySQLi\Connection->execute('INSERT INTO `im...')
#2 C:\xampp\htdocs\TFG-Shop\system\Database\BaseConnection.php(598): CodeIgniter\Database\BaseConnection->simpleQuery('INSERT INTO `im...')
#3 C:\xampp\htdocs\TFG-Shop\system\Database\BaseBuilder.php(1771): CodeIgniter\Database\BaseConnection->query('INSERT INTO `im...', Array, false)
#4 C:\xampp\htdocs\TFG-Shop\system\Model.php(239): CodeIgniter\Database\BaseBuilder->insert()
#5 C:\xampp\htdocs\TFG-Shop\system\BaseModel.php(738): CodeIgniter\Model->doInsert(Array)
#6 C:\xampp\htdocs\TFG-Shop\system\Model.php(625): CodeIgniter\BaseModel->insert(Array, true)
#7 C:\xampp\htdocs\TFG-Shop\app\Entities\Product.php(112): CodeIgniter\Model->insert(Array)
#8 C:\xampp\htdocs\TFG-Shop\app\Controllers\Admins\AdminController.php(68): App\Entities\Product->updateData('46', Array)
#9 C:\xampp\htdocs\TFG-Shop\system\CodeIgniter.php(832): App\Controllers\Admins\AdminController->updateElement(Object(App\Entities\Product), '46')
#10 C:\xampp\htdocs\TFG-Shop\system\CodeIgniter.php(419): CodeIgniter\CodeIgniter->runController(Object(App\Controllers\Admins\AdminController))
#11 C:\xampp\htdocs\TFG-Shop\system\CodeIgniter.php(326): CodeIgniter\CodeIgniter->handleRequest(NULL, Object(Config\Cache), false)
#12 C:\xampp\htdocs\TFG-Shop\index.php(36): CodeIgniter\CodeIgniter->run()
#13 {main}
CRITICAL - 2022-04-21 16:53:22 --> The original file is not a valid file.
#0 C:\xampp\htdocs\TFG-Shop\system\HTTP\Files\UploadedFile.php(137): CodeIgniter\HTTP\Exceptions\HTTPException::forInvalidFile()
#1 C:\xampp\htdocs\TFG-Shop\app\Entities\Product.php(100): CodeIgniter\HTTP\Files\UploadedFile->move('C:\\xampp\\htdocs...', '1650578002_40ef...')
#2 C:\xampp\htdocs\TFG-Shop\app\Controllers\Admins\AdminController.php(68): App\Entities\Product->updateData('46', Array)
#3 C:\xampp\htdocs\TFG-Shop\system\CodeIgniter.php(832): App\Controllers\Admins\AdminController->updateElement(Object(App\Entities\Product), '46')
#4 C:\xampp\htdocs\TFG-Shop\system\CodeIgniter.php(419): CodeIgniter\CodeIgniter->runController(Object(App\Controllers\Admins\AdminController))
#5 C:\xampp\htdocs\TFG-Shop\system\CodeIgniter.php(326): CodeIgniter\CodeIgniter->handleRequest(NULL, Object(Config\Cache), false)
#6 C:\xampp\htdocs\TFG-Shop\index.php(36): CodeIgniter\CodeIgniter->run()
#7 {main}
ERROR - 2022-04-21 16:53:49 --> Cannot add or update a child row: a foreign key constraint fails (`shop`.`images_products`, CONSTRAINT `images_products_ibfk_3` FOREIGN KEY (`id_product`) REFERENCES `products` (`id`) ON DELETE CASCADE ON UPDATE CASCADE)
CRITICAL - 2022-04-21 16:53:49 --> Cannot add or update a child row: a foreign key constraint fails (`shop`.`images_products`, CONSTRAINT `images_products_ibfk_3` FOREIGN KEY (`id_product`) REFERENCES `products` (`id`) ON DELETE CASCADE ON UPDATE CASCADE)
#0 C:\xampp\htdocs\TFG-Shop\system\Database\MySQLi\Connection.php(292): mysqli->query('INSERT INTO `im...', 0)
#1 C:\xampp\htdocs\TFG-Shop\system\Database\BaseConnection.php(670): CodeIgniter\Database\MySQLi\Connection->execute('INSERT INTO `im...')
#2 C:\xampp\htdocs\TFG-Shop\system\Database\BaseConnection.php(598): CodeIgniter\Database\BaseConnection->simpleQuery('INSERT INTO `im...')
#3 C:\xampp\htdocs\TFG-Shop\system\Database\BaseBuilder.php(1771): CodeIgniter\Database\BaseConnection->query('INSERT INTO `im...', Array, false)
#4 C:\xampp\htdocs\TFG-Shop\system\Model.php(239): CodeIgniter\Database\BaseBuilder->insert()
#5 C:\xampp\htdocs\TFG-Shop\system\BaseModel.php(738): CodeIgniter\Model->doInsert(Array)
#6 C:\xampp\htdocs\TFG-Shop\system\Model.php(625): CodeIgniter\BaseModel->insert(Array, true)
#7 C:\xampp\htdocs\TFG-Shop\app\Entities\Product.php(111): CodeIgniter\Model->insert(Array)
#8 C:\xampp\htdocs\TFG-Shop\app\Controllers\Admins\AdminController.php(68): App\Entities\Product->updateData('46', Array)
#9 C:\xampp\htdocs\TFG-Shop\system\CodeIgniter.php(832): App\Controllers\Admins\AdminController->updateElement(Object(App\Entities\Product), '46')
#10 C:\xampp\htdocs\TFG-Shop\system\CodeIgniter.php(419): CodeIgniter\CodeIgniter->runController(Object(App\Controllers\Admins\AdminController))
#11 C:\xampp\htdocs\TFG-Shop\system\CodeIgniter.php(326): CodeIgniter\CodeIgniter->handleRequest(NULL, Object(Config\Cache), false)
#12 C:\xampp\htdocs\TFG-Shop\index.php(36): CodeIgniter\CodeIgniter->run()
#13 {main}
ERROR - 2022-04-21 16:54:02 --> Cannot add or update a child row: a foreign key constraint fails (`shop`.`images_products`, CONSTRAINT `images_products_ibfk_3` FOREIGN KEY (`id_product`) REFERENCES `products` (`id`) ON DELETE CASCADE ON UPDATE CASCADE)
CRITICAL - 2022-04-21 16:54:02 --> Cannot add or update a child row: a foreign key constraint fails (`shop`.`images_products`, CONSTRAINT `images_products_ibfk_3` FOREIGN KEY (`id_product`) REFERENCES `products` (`id`) ON DELETE CASCADE ON UPDATE CASCADE)
#0 C:\xampp\htdocs\TFG-Shop\system\Database\MySQLi\Connection.php(292): mysqli->query('INSERT INTO `im...', 0)
#1 C:\xampp\htdocs\TFG-Shop\system\Database\BaseConnection.php(670): CodeIgniter\Database\MySQLi\Connection->execute('INSERT INTO `im...')
#2 C:\xampp\htdocs\TFG-Shop\system\Database\BaseConnection.php(598): CodeIgniter\Database\BaseConnection->simpleQuery('INSERT INTO `im...')
#3 C:\xampp\htdocs\TFG-Shop\system\Database\BaseBuilder.php(1771): CodeIgniter\Database\BaseConnection->query('INSERT INTO `im...', Array, false)
#4 C:\xampp\htdocs\TFG-Shop\system\Model.php(239): CodeIgniter\Database\BaseBuilder->insert()
#5 C:\xampp\htdocs\TFG-Shop\system\BaseModel.php(738): CodeIgniter\Model->doInsert(Array)
#6 C:\xampp\htdocs\TFG-Shop\system\Model.php(625): CodeIgniter\BaseModel->insert(Array, true)
#7 C:\xampp\htdocs\TFG-Shop\app\Entities\Product.php(112): CodeIgniter\Model->insert(Array)
#8 C:\xampp\htdocs\TFG-Shop\app\Controllers\Admins\AdminController.php(68): App\Entities\Product->updateData('46', Array)
#9 C:\xampp\htdocs\TFG-Shop\system\CodeIgniter.php(832): App\Controllers\Admins\AdminController->updateElement(Object(App\Entities\Product), '46')
#10 C:\xampp\htdocs\TFG-Shop\system\CodeIgniter.php(419): CodeIgniter\CodeIgniter->runController(Object(App\Controllers\Admins\AdminController))
#11 C:\xampp\htdocs\TFG-Shop\system\CodeIgniter.php(326): CodeIgniter\CodeIgniter->handleRequest(NULL, Object(Config\Cache), false)
#12 C:\xampp\htdocs\TFG-Shop\index.php(36): CodeIgniter\CodeIgniter->run()
#13 {main}
ERROR - 2022-04-21 16:54:29 --> Cannot add or update a child row: a foreign key constraint fails (`shop`.`images_products`, CONSTRAINT `images_products_ibfk_3` FOREIGN KEY (`id_product`) REFERENCES `products` (`id`) ON DELETE CASCADE ON UPDATE CASCADE)
CRITICAL - 2022-04-21 16:54:29 --> Cannot add or update a child row: a foreign key constraint fails (`shop`.`images_products`, CONSTRAINT `images_products_ibfk_3` FOREIGN KEY (`id_product`) REFERENCES `products` (`id`) ON DELETE CASCADE ON UPDATE CASCADE)
#0 C:\xampp\htdocs\TFG-Shop\system\Database\MySQLi\Connection.php(292): mysqli->query('INSERT INTO `im...', 0)
#1 C:\xampp\htdocs\TFG-Shop\system\Database\BaseConnection.php(670): CodeIgniter\Database\MySQLi\Connection->execute('INSERT INTO `im...')
#2 C:\xampp\htdocs\TFG-Shop\system\Database\BaseConnection.php(598): CodeIgniter\Database\BaseConnection->simpleQuery('INSERT INTO `im...')
#3 C:\xampp\htdocs\TFG-Shop\system\Database\BaseBuilder.php(1771): CodeIgniter\Database\BaseConnection->query('INSERT INTO `im...', Array, false)
#4 C:\xampp\htdocs\TFG-Shop\system\Model.php(239): CodeIgniter\Database\BaseBuilder->insert()
#5 C:\xampp\htdocs\TFG-Shop\system\BaseModel.php(738): CodeIgniter\Model->doInsert(Array)
#6 C:\xampp\htdocs\TFG-Shop\system\Model.php(625): CodeIgniter\BaseModel->insert(Array, true)
#7 C:\xampp\htdocs\TFG-Shop\app\Entities\Product.php(113): CodeIgniter\Model->insert(Array)
#8 C:\xampp\htdocs\TFG-Shop\app\Controllers\Admins\AdminController.php(68): App\Entities\Product->updateData('46', Array)
#9 C:\xampp\htdocs\TFG-Shop\system\CodeIgniter.php(832): App\Controllers\Admins\AdminController->updateElement(Object(App\Entities\Product), '46')
#10 C:\xampp\htdocs\TFG-Shop\system\CodeIgniter.php(419): CodeIgniter\CodeIgniter->runController(Object(App\Controllers\Admins\AdminController))
#11 C:\xampp\htdocs\TFG-Shop\system\CodeIgniter.php(326): CodeIgniter\CodeIgniter->handleRequest(NULL, Object(Config\Cache), false)
#12 C:\xampp\htdocs\TFG-Shop\index.php(36): CodeIgniter\CodeIgniter->run()
#13 {main}
ERROR - 2022-04-21 16:54:54 --> Cannot add or update a child row: a foreign key constraint fails (`shop`.`images_products`, CONSTRAINT `images_products_ibfk_3` FOREIGN KEY (`id_product`) REFERENCES `products` (`id`) ON DELETE CASCADE ON UPDATE CASCADE)
CRITICAL - 2022-04-21 16:54:54 --> Cannot add or update a child row: a foreign key constraint fails (`shop`.`images_products`, CONSTRAINT `images_products_ibfk_3` FOREIGN KEY (`id_product`) REFERENCES `products` (`id`) ON DELETE CASCADE ON UPDATE CASCADE)
#0 C:\xampp\htdocs\TFG-Shop\system\Database\MySQLi\Connection.php(292): mysqli->query('INSERT INTO `im...', 0)
#1 C:\xampp\htdocs\TFG-Shop\system\Database\BaseConnection.php(670): CodeIgniter\Database\MySQLi\Connection->execute('INSERT INTO `im...')
#2 C:\xampp\htdocs\TFG-Shop\system\Database\BaseConnection.php(598): CodeIgniter\Database\BaseConnection->simpleQuery('INSERT INTO `im...')
#3 C:\xampp\htdocs\TFG-Shop\system\Database\BaseBuilder.php(1771): CodeIgniter\Database\BaseConnection->query('INSERT INTO `im...', Array, false)
#4 C:\xampp\htdocs\TFG-Shop\system\Model.php(239): CodeIgniter\Database\BaseBuilder->insert()
#5 C:\xampp\htdocs\TFG-Shop\system\BaseModel.php(738): CodeIgniter\Model->doInsert(Array)
#6 C:\xampp\htdocs\TFG-Shop\system\Model.php(625): CodeIgniter\BaseModel->insert(Array, true)
#7 C:\xampp\htdocs\TFG-Shop\app\Entities\Product.php(113): CodeIgniter\Model->insert(Array)
#8 C:\xampp\htdocs\TFG-Shop\app\Controllers\Admins\AdminController.php(68): App\Entities\Product->updateData('46', Array)
#9 C:\xampp\htdocs\TFG-Shop\system\CodeIgniter.php(832): App\Controllers\Admins\AdminController->updateElement(Object(App\Entities\Product), '46')
#10 C:\xampp\htdocs\TFG-Shop\system\CodeIgniter.php(419): CodeIgniter\CodeIgniter->runController(Object(App\Controllers\Admins\AdminController))
#11 C:\xampp\htdocs\TFG-Shop\system\CodeIgniter.php(326): CodeIgniter\CodeIgniter->handleRequest(NULL, Object(Config\Cache), false)
#12 C:\xampp\htdocs\TFG-Shop\index.php(36): CodeIgniter\CodeIgniter->run()
#13 {main}
ERROR - 2022-04-21 16:55:00 --> Cannot add or update a child row: a foreign key constraint fails (`shop`.`images_products`, CONSTRAINT `images_products_ibfk_3` FOREIGN KEY (`id_product`) REFERENCES `products` (`id`) ON DELETE CASCADE ON UPDATE CASCADE)
CRITICAL - 2022-04-21 16:55:00 --> Cannot add or update a child row: a foreign key constraint fails (`shop`.`images_products`, CONSTRAINT `images_products_ibfk_3` FOREIGN KEY (`id_product`) REFERENCES `products` (`id`) ON DELETE CASCADE ON UPDATE CASCADE)
#0 C:\xampp\htdocs\TFG-Shop\system\Database\MySQLi\Connection.php(292): mysqli->query('INSERT INTO `im...', 0)
#1 C:\xampp\htdocs\TFG-Shop\system\Database\BaseConnection.php(670): CodeIgniter\Database\MySQLi\Connection->execute('INSERT INTO `im...')
#2 C:\xampp\htdocs\TFG-Shop\system\Database\BaseConnection.php(598): CodeIgniter\Database\BaseConnection->simpleQuery('INSERT INTO `im...')
#3 C:\xampp\htdocs\TFG-Shop\system\Database\BaseBuilder.php(1771): CodeIgniter\Database\BaseConnection->query('INSERT INTO `im...', Array, false)
#4 C:\xampp\htdocs\TFG-Shop\system\Model.php(239): CodeIgniter\Database\BaseBuilder->insert()
#5 C:\xampp\htdocs\TFG-Shop\system\BaseModel.php(738): CodeIgniter\Model->doInsert(Array)
#6 C:\xampp\htdocs\TFG-Shop\system\Model.php(625): CodeIgniter\BaseModel->insert(Array, true)
#7 C:\xampp\htdocs\TFG-Shop\app\Entities\Product.php(112): CodeIgniter\Model->insert(Array)
#8 C:\xampp\htdocs\TFG-Shop\app\Controllers\Admins\AdminController.php(68): App\Entities\Product->updateData('46', Array)
#9 C:\xampp\htdocs\TFG-Shop\system\CodeIgniter.php(832): App\Controllers\Admins\AdminController->updateElement(Object(App\Entities\Product), '46')
#10 C:\xampp\htdocs\TFG-Shop\system\CodeIgniter.php(419): CodeIgniter\CodeIgniter->runController(Object(App\Controllers\Admins\AdminController))
#11 C:\xampp\htdocs\TFG-Shop\system\CodeIgniter.php(326): CodeIgniter\CodeIgniter->handleRequest(NULL, Object(Config\Cache), false)
#12 C:\xampp\htdocs\TFG-Shop\index.php(36): CodeIgniter\CodeIgniter->run()
#13 {main}
ERROR - 2022-04-21 16:55:14 --> Cannot add or update a child row: a foreign key constraint fails (`shop`.`images_products`, CONSTRAINT `images_products_ibfk_3` FOREIGN KEY (`id_product`) REFERENCES `products` (`id`) ON DELETE CASCADE ON UPDATE CASCADE)
CRITICAL - 2022-04-21 16:55:14 --> Cannot add or update a child row: a foreign key constraint fails (`shop`.`images_products`, CONSTRAINT `images_products_ibfk_3` FOREIGN KEY (`id_product`) REFERENCES `products` (`id`) ON DELETE CASCADE ON UPDATE CASCADE)
#0 C:\xampp\htdocs\TFG-Shop\system\Database\MySQLi\Connection.php(292): mysqli->query('INSERT INTO `im...', 0)
#1 C:\xampp\htdocs\TFG-Shop\system\Database\BaseConnection.php(670): CodeIgniter\Database\MySQLi\Connection->execute('INSERT INTO `im...')
#2 C:\xampp\htdocs\TFG-Shop\system\Database\BaseConnection.php(598): CodeIgniter\Database\BaseConnection->simpleQuery('INSERT INTO `im...')
#3 C:\xampp\htdocs\TFG-Shop\system\Database\BaseBuilder.php(1771): CodeIgniter\Database\BaseConnection->query('INSERT INTO `im...', Array, false)
#4 C:\xampp\htdocs\TFG-Shop\system\Model.php(239): CodeIgniter\Database\BaseBuilder->insert()
#5 C:\xampp\htdocs\TFG-Shop\system\BaseModel.php(738): CodeIgniter\Model->doInsert(Array)
#6 C:\xampp\htdocs\TFG-Shop\system\Model.php(625): CodeIgniter\BaseModel->insert(Array, true)
#7 C:\xampp\htdocs\TFG-Shop\app\Entities\Product.php(113): CodeIgniter\Model->insert(Array)
#8 C:\xampp\htdocs\TFG-Shop\app\Controllers\Admins\AdminController.php(68): App\Entities\Product->updateData('46', Array)
#9 C:\xampp\htdocs\TFG-Shop\system\CodeIgniter.php(832): App\Controllers\Admins\AdminController->updateElement(Object(App\Entities\Product), '46')
#10 C:\xampp\htdocs\TFG-Shop\system\CodeIgniter.php(419): CodeIgniter\CodeIgniter->runController(Object(App\Controllers\Admins\AdminController))
#11 C:\xampp\htdocs\TFG-Shop\system\CodeIgniter.php(326): CodeIgniter\CodeIgniter->handleRequest(NULL, Object(Config\Cache), false)
#12 C:\xampp\htdocs\TFG-Shop\index.php(36): CodeIgniter\CodeIgniter->run()
#13 {main}
ERROR - 2022-04-21 16:55:45 --> Cannot add or update a child row: a foreign key constraint fails (`shop`.`images_products`, CONSTRAINT `images_products_ibfk_3` FOREIGN KEY (`id_product`) REFERENCES `products` (`id`) ON DELETE CASCADE ON UPDATE CASCADE)
CRITICAL - 2022-04-21 16:55:45 --> Cannot add or update a child row: a foreign key constraint fails (`shop`.`images_products`, CONSTRAINT `images_products_ibfk_3` FOREIGN KEY (`id_product`) REFERENCES `products` (`id`) ON DELETE CASCADE ON UPDATE CASCADE)
#0 C:\xampp\htdocs\TFG-Shop\system\Database\MySQLi\Connection.php(292): mysqli->query('INSERT INTO `im...', 0)
#1 C:\xampp\htdocs\TFG-Shop\system\Database\BaseConnection.php(670): CodeIgniter\Database\MySQLi\Connection->execute('INSERT INTO `im...')
#2 C:\xampp\htdocs\TFG-Shop\system\Database\BaseConnection.php(598): CodeIgniter\Database\BaseConnection->simpleQuery('INSERT INTO `im...')
#3 C:\xampp\htdocs\TFG-Shop\system\Database\BaseBuilder.php(1771): CodeIgniter\Database\BaseConnection->query('INSERT INTO `im...', Array, false)
#4 C:\xampp\htdocs\TFG-Shop\system\Model.php(239): CodeIgniter\Database\BaseBuilder->insert()
#5 C:\xampp\htdocs\TFG-Shop\system\BaseModel.php(738): CodeIgniter\Model->doInsert(Array)
#6 C:\xampp\htdocs\TFG-Shop\system\Model.php(625): CodeIgniter\BaseModel->insert(Array, true)
#7 C:\xampp\htdocs\TFG-Shop\app\Entities\Product.php(113): CodeIgniter\Model->insert(Array)
#8 C:\xampp\htdocs\TFG-Shop\app\Controllers\Admins\AdminController.php(68): App\Entities\Product->updateData('46', Array)
#9 C:\xampp\htdocs\TFG-Shop\system\CodeIgniter.php(832): App\Controllers\Admins\AdminController->updateElement(Object(App\Entities\Product), '46')
#10 C:\xampp\htdocs\TFG-Shop\system\CodeIgniter.php(419): CodeIgniter\CodeIgniter->runController(Object(App\Controllers\Admins\AdminController))
#11 C:\xampp\htdocs\TFG-Shop\system\CodeIgniter.php(326): CodeIgniter\CodeIgniter->handleRequest(NULL, Object(Config\Cache), false)
#12 C:\xampp\htdocs\TFG-Shop\index.php(36): CodeIgniter\CodeIgniter->run()
#13 {main}
ERROR - 2022-04-21 16:56:03 --> Cannot add or update a child row: a foreign key constraint fails (`shop`.`images_products`, CONSTRAINT `images_products_ibfk_3` FOREIGN KEY (`id_product`) REFERENCES `products` (`id`) ON DELETE CASCADE ON UPDATE CASCADE)
CRITICAL - 2022-04-21 16:56:03 --> Cannot add or update a child row: a foreign key constraint fails (`shop`.`images_products`, CONSTRAINT `images_products_ibfk_3` FOREIGN KEY (`id_product`) REFERENCES `products` (`id`) ON DELETE CASCADE ON UPDATE CASCADE)
#0 C:\xampp\htdocs\TFG-Shop\system\Database\MySQLi\Connection.php(292): mysqli->query('INSERT INTO `im...', 0)
#1 C:\xampp\htdocs\TFG-Shop\system\Database\BaseConnection.php(670): CodeIgniter\Database\MySQLi\Connection->execute('INSERT INTO `im...')
#2 C:\xampp\htdocs\TFG-Shop\system\Database\BaseConnection.php(598): CodeIgniter\Database\BaseConnection->simpleQuery('INSERT INTO `im...')
#3 C:\xampp\htdocs\TFG-Shop\system\Database\BaseBuilder.php(1771): CodeIgniter\Database\BaseConnection->query('INSERT INTO `im...', Array, false)
#4 C:\xampp\htdocs\TFG-Shop\system\Model.php(239): CodeIgniter\Database\BaseBuilder->insert()
#5 C:\xampp\htdocs\TFG-Shop\system\BaseModel.php(738): CodeIgniter\Model->doInsert(Array)
#6 C:\xampp\htdocs\TFG-Shop\system\Model.php(625): CodeIgniter\BaseModel->insert(Array, true)
#7 C:\xampp\htdocs\TFG-Shop\app\Entities\Product.php(113): CodeIgniter\Model->insert(Array)
#8 C:\xampp\htdocs\TFG-Shop\app\Controllers\Admins\AdminController.php(68): App\Entities\Product->updateData('46', Array)
#9 C:\xampp\htdocs\TFG-Shop\system\CodeIgniter.php(832): App\Controllers\Admins\AdminController->updateElement(Object(App\Entities\Product), '46')
#10 C:\xampp\htdocs\TFG-Shop\system\CodeIgniter.php(419): CodeIgniter\CodeIgniter->runController(Object(App\Controllers\Admins\AdminController))
#11 C:\xampp\htdocs\TFG-Shop\system\CodeIgniter.php(326): CodeIgniter\CodeIgniter->handleRequest(NULL, Object(Config\Cache), false)
#12 C:\xampp\htdocs\TFG-Shop\index.php(36): CodeIgniter\CodeIgniter->run()
#13 {main}
ERROR - 2022-04-21 16:56:49 --> Cannot add or update a child row: a foreign key constraint fails (`shop`.`images_products`, CONSTRAINT `images_products_ibfk_3` FOREIGN KEY (`id_product`) REFERENCES `products` (`id`) ON DELETE CASCADE ON UPDATE CASCADE)
CRITICAL - 2022-04-21 16:56:49 --> Cannot add or update a child row: a foreign key constraint fails (`shop`.`images_products`, CONSTRAINT `images_products_ibfk_3` FOREIGN KEY (`id_product`) REFERENCES `products` (`id`) ON DELETE CASCADE ON UPDATE CASCADE)
#0 C:\xampp\htdocs\TFG-Shop\system\Database\MySQLi\Connection.php(292): mysqli->query('INSERT INTO `im...', 0)
#1 C:\xampp\htdocs\TFG-Shop\system\Database\BaseConnection.php(670): CodeIgniter\Database\MySQLi\Connection->execute('INSERT INTO `im...')
#2 C:\xampp\htdocs\TFG-Shop\system\Database\BaseConnection.php(598): CodeIgniter\Database\BaseConnection->simpleQuery('INSERT INTO `im...')
#3 C:\xampp\htdocs\TFG-Shop\system\Database\BaseBuilder.php(1771): CodeIgniter\Database\BaseConnection->query('INSERT INTO `im...', Array, false)
#4 C:\xampp\htdocs\TFG-Shop\system\Model.php(239): CodeIgniter\Database\BaseBuilder->insert()
#5 C:\xampp\htdocs\TFG-Shop\system\BaseModel.php(738): CodeIgniter\Model->doInsert(Array)
#6 C:\xampp\htdocs\TFG-Shop\system\Model.php(625): CodeIgniter\BaseModel->insert(Array, true)
#7 C:\xampp\htdocs\TFG-Shop\app\Entities\Product.php(114): CodeIgniter\Model->insert(Array)
#8 C:\xampp\htdocs\TFG-Shop\app\Controllers\Admins\AdminController.php(68): App\Entities\Product->updateData('46', Array)
#9 C:\xampp\htdocs\TFG-Shop\system\CodeIgniter.php(832): App\Controllers\Admins\AdminController->updateElement(Object(App\Entities\Product), '46')
#10 C:\xampp\htdocs\TFG-Shop\system\CodeIgniter.php(419): CodeIgniter\CodeIgniter->runController(Object(App\Controllers\Admins\AdminController))
#11 C:\xampp\htdocs\TFG-Shop\system\CodeIgniter.php(326): CodeIgniter\CodeIgniter->handleRequest(NULL, Object(Config\Cache), false)
#12 C:\xampp\htdocs\TFG-Shop\index.php(36): CodeIgniter\CodeIgniter->run()
#13 {main}
ERROR - 2022-04-21 16:57:10 --> Cannot add or update a child row: a foreign key constraint fails (`shop`.`images_products`, CONSTRAINT `images_products_ibfk_3` FOREIGN KEY (`id_product`) REFERENCES `products` (`id`) ON DELETE CASCADE ON UPDATE CASCADE)
CRITICAL - 2022-04-21 16:57:10 --> Cannot add or update a child row: a foreign key constraint fails (`shop`.`images_products`, CONSTRAINT `images_products_ibfk_3` FOREIGN KEY (`id_product`) REFERENCES `products` (`id`) ON DELETE CASCADE ON UPDATE CASCADE)
#0 C:\xampp\htdocs\TFG-Shop\system\Database\MySQLi\Connection.php(292): mysqli->query('INSERT INTO `im...', 0)
#1 C:\xampp\htdocs\TFG-Shop\system\Database\BaseConnection.php(670): CodeIgniter\Database\MySQLi\Connection->execute('INSERT INTO `im...')
#2 C:\xampp\htdocs\TFG-Shop\system\Database\BaseConnection.php(598): CodeIgniter\Database\BaseConnection->simpleQuery('INSERT INTO `im...')
#3 C:\xampp\htdocs\TFG-Shop\system\Database\BaseBuilder.php(1771): CodeIgniter\Database\BaseConnection->query('INSERT INTO `im...', Array, false)
#4 C:\xampp\htdocs\TFG-Shop\system\Model.php(239): CodeIgniter\Database\BaseBuilder->insert()
#5 C:\xampp\htdocs\TFG-Shop\system\BaseModel.php(738): CodeIgniter\Model->doInsert(Array)
#6 C:\xampp\htdocs\TFG-Shop\system\Model.php(625): CodeIgniter\BaseModel->insert(Array, true)
#7 C:\xampp\htdocs\TFG-Shop\app\Controllers\Admins\AdminController.php(21): CodeIgniter\Model->insert(Array)
#8 C:\xampp\htdocs\TFG-Shop\system\CodeIgniter.php(832): App\Controllers\Admins\AdminController->loadView('productEdit')
#9 C:\xampp\htdocs\TFG-Shop\system\CodeIgniter.php(419): CodeIgniter\CodeIgniter->runController(Object(App\Controllers\Admins\AdminController))
#10 C:\xampp\htdocs\TFG-Shop\system\CodeIgniter.php(326): CodeIgniter\CodeIgniter->handleRequest(NULL, Object(Config\Cache), false)
#11 C:\xampp\htdocs\TFG-Shop\index.php(36): CodeIgniter\CodeIgniter->run()
#12 {main}
ERROR - 2022-04-21 17:03:21 --> Unknown column 'p_images.id' in 'on clause'
CRITICAL - 2022-04-21 17:03:21 --> Unknown column 'p_images.id' in 'on clause'
#0 C:\xampp\htdocs\TFG-Shop\system\Database\MySQLi\Connection.php(292): mysqli->query('SELECT *\nFROM `...', 0)
#1 C:\xampp\htdocs\TFG-Shop\system\Database\BaseConnection.php(670): CodeIgniter\Database\MySQLi\Connection->execute('SELECT *\nFROM `...')
#2 C:\xampp\htdocs\TFG-Shop\system\Database\BaseConnection.php(598): CodeIgniter\Database\BaseConnection->simpleQuery('SELECT *\nFROM `...')
#3 C:\xampp\htdocs\TFG-Shop\system\Database\BaseBuilder.php(1455): CodeIgniter\Database\BaseConnection->query('SELECT *\nFROM `...', Array, false)
#4 C:\xampp\htdocs\TFG-Shop\app\Entities\Product.php(22): CodeIgniter\Database\BaseBuilder->get()
#5 C:\xampp\htdocs\TFG-Shop\app\Controllers\Admins\AdminController.php(29): App\Entities\Product->getData()
#6 C:\xampp\htdocs\TFG-Shop\system\CodeIgniter.php(832): App\Controllers\Admins\AdminController->getElements(Object(App\Entities\Product))
#7 C:\xampp\htdocs\TFG-Shop\system\CodeIgniter.php(419): CodeIgniter\CodeIgniter->runController(Object(App\Controllers\Admins\AdminController))
#8 C:\xampp\htdocs\TFG-Shop\system\CodeIgniter.php(326): CodeIgniter\CodeIgniter->handleRequest(NULL, Object(Config\Cache), false)
#9 C:\xampp\htdocs\TFG-Shop\index.php(36): CodeIgniter\CodeIgniter->run()
#10 {main}
ERROR - 2022-04-21 17:03:34 --> Unknown column 'p_images.id' in 'on clause'
CRITICAL - 2022-04-21 17:03:34 --> Unknown column 'p_images.id' in 'on clause'
#0 C:\xampp\htdocs\TFG-Shop\system\Database\MySQLi\Connection.php(292): mysqli->query('SELECT *\nFROM `...', 0)
#1 C:\xampp\htdocs\TFG-Shop\system\Database\BaseConnection.php(670): CodeIgniter\Database\MySQLi\Connection->execute('SELECT *\nFROM `...')
#2 C:\xampp\htdocs\TFG-Shop\system\Database\BaseConnection.php(598): CodeIgniter\Database\BaseConnection->simpleQuery('SELECT *\nFROM `...')
#3 C:\xampp\htdocs\TFG-Shop\system\Database\BaseBuilder.php(1455): CodeIgniter\Database\BaseConnection->query('SELECT *\nFROM `...', Array, false)
#4 C:\xampp\htdocs\TFG-Shop\app\Entities\Product.php(22): CodeIgniter\Database\BaseBuilder->get()
#5 C:\xampp\htdocs\TFG-Shop\app\Controllers\Admins\AdminController.php(29): App\Entities\Product->getData()
#6 C:\xampp\htdocs\TFG-Shop\system\CodeIgniter.php(832): App\Controllers\Admins\AdminController->getElements(Object(App\Entities\Product))
#7 C:\xampp\htdocs\TFG-Shop\system\CodeIgniter.php(419): CodeIgniter\CodeIgniter->runController(Object(App\Controllers\Admins\AdminController))
#8 C:\xampp\htdocs\TFG-Shop\system\CodeIgniter.php(326): CodeIgniter\CodeIgniter->handleRequest(NULL, Object(Config\Cache), false)
#9 C:\xampp\htdocs\TFG-Shop\index.php(36): CodeIgniter\CodeIgniter->run()
#10 {main}
